#
# A fatal error has been detected by the Java Runtime Environment:
#
#  SIGSEGV (0xb) at pc=0x00007f743e9ca3ca, pid=9783, tid=0x00007f744029c700
#
# JRE version: Java(TM) SE Runtime Environment (8.0_181-b13) (build 1.8.0_181-b13)
# Java VM: Java HotSpot(TM) 64-Bit Server VM (25.181-b13 mixed mode linux-amd64 compressed oops)
# Problematic frame:
# V  [libjvm.so+0x5673ca]  Dictionary::find(int, unsigned int, Symbol*, ClassLoaderData*, Handle, Thread*)+0x8a
#
# Failed to write core dump. Core dumps have been disabled. To enable core dumping, try "ulimit -c unlimited" before starting Java again
#
# If you would like to submit a bug report, please visit:
#   http://bugreport.java.com/bugreport/crash.jsp
#

---------------  T H R E A D  ---------------

Current thread (0x00007f7438011800):  JavaThread "main" [_thread_in_vm, id=9786, stack(0x00007f744019d000,0x00007f744029d000)]

siginfo: si_signo: 11 (SIGSEGV), si_code: 1 (SEGV_MAPERR), si_addr: 0x00007f74bc7ffd23

Registers:
RAX=0x00007f74380ed560, RBX=0x00007f743811c1c0, RCX=0x0000000000000000, RDX=0x00007f74bc7ffd1b
RSP=0x00007f744029ab90, RBP=0x00007f744029aba0, RSI=0x00007f7438036da0, RDI=0x000000077f0202a8
R8 =0x00007f74380ebd80, R9 =0x00007f74380127c8, R10=0x00007f744029ab30, R11=0x0000000000000001
R12=0x000000077ef80e78, R13=0x00007f7438011800, R14=0x00007f74380127d0, R15=0x00007f74380ebd80
RIP=0x00007f743e9ca3ca, EFLAGS=0x0000000000010206, CSGSFS=0x002b000000000033, ERR=0x0000000000000004
  TRAPNO=0x000000000000000e

Top of Stack: (sp=0x00007f744029ab90)
0x00007f744029ab90:   000000007fed2ae8 0000000000000000
0x00007f744029aba0:   00007f744029acd0 00007f743eea90a7
0x00007f744029abb0:   00007f7438011800 00007f743ec60da4
0x00007f744029abc0:   00007f7438011800 000001164029ac00
0x00007f744029abd0:   00007f74380127c8 00007f74400cdfc0
0x00007f744029abe0:   00007f744029aeb0 0c3c447b4029b0c0
0x00007f744029abf0:   00007f744029ac30 00007f743eeb434d
0x00007f744029ac00:   00007f7423c71450 00007f7438011800
0x00007f744029ac10:   00007f744029ad80 00007f74380128a0
0x00007f744029ac20:   00000000771a6cfb 000000014e29b11a
0x00007f744029ac30:   00007f744029ac80 00007f743e8fe05a
0x00007f744029ac40:   00007f7438d1eef0 00007f7438011800
0x00007f744029ac50:   00007f744029ac90 00007f73d445c078
0x00007f744029ac60:   0000000003829da4 00007f73d4573ddd
0x00007f744029ac70:   00007f73d43f54a8 00007f73d43cad8c
0x00007f744029ac80:   00000000771a6cfb 000000014e29b11a
0x00007f744029ac90:   00007f74380127c0 000000077ef80a90
0x00007f744029aca0:   00007f7438bc2d20 00007f7438011800
0x00007f744029acb0:   00007f74380127c8 00007f74380127c0
0x00007f744029acc0:   00007f74400cdfc0 0000000000000001
0x00007f744029acd0:   00007f744029ad10 00007f743eeaab83
0x00007f744029ace0:   00007f741ac119b0 00007f7438012770
0x00007f744029acf0:   000000077ef80e78 0000000000000001
0x00007f744029ad00:   0000000000000010 00007f7438011800
0x00007f744029ad10:   00007f744029b4f0 00007f743e95c2e8
0x00007f744029ad20:   00007f744029adb0 00007f743ec630b8
0x00007f744029ad30:   000000104029adb0 00007f744029b500
0x00007f744029ad40:   00007f74400cdfc0 00007f744029b0b0
0x00007f744029ad50:   0000000000000080 00007f74380127c0
0x00007f744029ad60:   00007f7438012390 00007f7438012768
0x00007f744029ad70:   00000000000003d8 01007f7438dc8900
0x00007f744029ad80:   00000007c0162e28 00007f744029aed0 

Instructions: (pc=0x00007f743e9ca3ca)
0x00007f743e9ca3aa:   8b 53 18 48 85 d2 75 18 66 0f 1f 44 00 00 eb 2e
0x00007f743e9ca3ba:   66 0f 1f 44 00 00 48 8b 12 48 85 d2 66 90 74 1e
0x00007f743e9ca3ca:   48 8b 42 08 4c 3b 60 10 66 0f 1f 44 00 00 75 e6
0x00007f743e9ca3da:   48 8b 7b 10 48 89 f8 eb 07 0f 1f 44 00 00 31 c0 

Register to memory mapping:

RAX=0x00007f74380ed560 is an unknown value
RBX=0x00007f743811c1c0 is an unknown value
RCX=0x0000000000000000 is an unknown value
RDX=0x00007f74bc7ffd1b is an unknown value
RSP=0x00007f744029ab90 is pointing into the stack for thread: 0x00007f7438011800
RBP=0x00007f744029aba0 is pointing into the stack for thread: 0x00007f7438011800
RSI=0x00007f7438036da0 is an unknown value
RDI=0x000000077f0202a8 is an oop
java.lang.Class 
 - klass: 'java/lang/Class'
R8 =0x00007f74380ebd80 is an unknown value
R9 =0x00007f74380127c8 is an unknown value
R10=0x00007f744029ab30 is pointing into the stack for thread: 0x00007f7438011800
R11=0x0000000000000001 is an unknown value
R12=0x000000077ef80e78 is an oop
java.security.ProtectionDomain 
 - klass: 'java/security/ProtectionDomain'
R13=0x00007f7438011800 is a thread
R14=0x00007f74380127d0 is an unknown value
R15=0x00007f74380ebd80 is an unknown value


Stack: [0x00007f744019d000,0x00007f744029d000],  sp=0x00007f744029ab90,  free space=1014k
Native frames: (J=compiled Java code, j=interpreted, Vv=VM code, C=native code)
V  [libjvm.so+0x5673ca]  Dictionary::find(int, unsigned int, Symbol*, ClassLoaderData*, Handle, Thread*)+0x8a
V  [libjvm.so+0xa460a7]  SystemDictionary::resolve_instance_class_or_null(Symbol*, Handle, Handle, Thread*)+0x187
V  [libjvm.so+0xa47b83]  SystemDictionary::resolve_or_fail(Symbol*, Handle, Handle, bool, Thread*)+0x33
V  [libjvm.so+0x4f92e8]  ConstantPool::klass_at_impl(constantPoolHandle, int, Thread*)+0x158
V  [libjvm.so+0x68bf41]  InterpreterRuntime::_new(JavaThread*, ConstantPool*, int)+0x71
j  org.nd4j.linalg.api.shape.Shape.getOffsetUnsafe([JJJ)J+51
j  org.nd4j.linalg.api.ndarray.BaseNDArray.putScalar(JJD)Lorg/nd4j/linalg/api/ndarray/INDArray;+101
j  org.nd4j.linalg.api.ndarray.BaseNDArray.putScalar([ID)Lorg/nd4j/linalg/api/ndarray/INDArray;+110
j  com.itcag.legalyzer.train.Tester.prepareTestData(Ljava/lang/String;)Lorg/nd4j/linalg/dataset/DataSet;+268
j  com.itcag.legalyzer.train.Tester.test(Ljava/lang/String;)Ljava/lang/String;+38
j  com.itcag.legalyzer.train.Tester.main([Ljava/lang/String;)V+132
v  ~StubRoutines::call_stub
V  [libjvm.so+0x697a76]  JavaCalls::call_helper(JavaValue*, methodHandle*, JavaCallArguments*, Thread*)+0x1056
V  [libjvm.so+0x6d91c2]  jni_invoke_static(JNIEnv_*, JavaValue*, _jobject*, JNICallType, _jmethodID*, JNI_ArgumentPusher*, Thread*)+0x362
V  [libjvm.so+0x6f5a2a]  jni_CallStaticVoidMethod+0x17a
C  [libjli.so+0x80ff]  JavaMain+0x81f
C  [libpthread.so.0+0x76db]  start_thread+0xdb

Java frames: (J=compiled Java code, j=interpreted, Vv=VM code)
j  org.nd4j.linalg.api.shape.Shape.getOffsetUnsafe([JJJ)J+51
j  org.nd4j.linalg.api.ndarray.BaseNDArray.putScalar(JJD)Lorg/nd4j/linalg/api/ndarray/INDArray;+101
j  org.nd4j.linalg.api.ndarray.BaseNDArray.putScalar([ID)Lorg/nd4j/linalg/api/ndarray/INDArray;+110
j  com.itcag.legalyzer.train.Tester.prepareTestData(Ljava/lang/String;)Lorg/nd4j/linalg/dataset/DataSet;+268
j  com.itcag.legalyzer.train.Tester.test(Ljava/lang/String;)Ljava/lang/String;+38
j  com.itcag.legalyzer.train.Tester.main([Ljava/lang/String;)V+132
v  ~StubRoutines::call_stub

---------------  P R O C E S S  ---------------

Java Threads: ( => current thread )
  0x00007f7438b8d000 JavaThread "JavaCPP Deallocator" daemon [_thread_blocked, id=9801, stack(0x00007f74213a9000,0x00007f74214aa000)]
  0x00007f74380d0800 JavaThread "Service Thread" daemon [_thread_blocked, id=9799, stack(0x00007f7421eea000,0x00007f7421feb000)]
  0x00007f74380c5800 JavaThread "C1 CompilerThread2" daemon [_thread_blocked, id=9798, stack(0x00007f7421fec000,0x00007f74220ec000)]
  0x00007f74380c3800 JavaThread "C2 CompilerThread1" daemon [_thread_blocked, id=9797, stack(0x00007f74220ed000,0x00007f74221ed000)]
  0x00007f74380c1000 JavaThread "C2 CompilerThread0" daemon [_thread_in_native, id=9796, stack(0x00007f74221ee000,0x00007f74222ee000)]
  0x00007f74380bf000 JavaThread "Signal Dispatcher" daemon [_thread_blocked, id=9795, stack(0x00007f74222ee000,0x00007f74223ef000)]
  0x00007f743808c000 JavaThread "Finalizer" daemon [_thread_blocked, id=9794, stack(0x00007f74226ce000,0x00007f74227cf000)]
  0x00007f7438089800 JavaThread "Reference Handler" daemon [_thread_blocked, id=9793, stack(0x00007f74227cf000,0x00007f74228d0000)]
=>0x00007f7438011800 JavaThread "main" [_thread_in_vm, id=9786, stack(0x00007f744019d000,0x00007f744029d000)]

Other Threads:
  0x00007f7438080000 VMThread [stack: 0x00007f74228d1000,0x00007f74229d1000] [id=9792]
  0x00007f74380d5800 WatcherThread [stack: 0x00007f7421dea000,0x00007f7421eea000] [id=9800]

VM state:not at safepoint (normal execution)

VM Mutex/Monitor currently owned by a thread: None

Heap:
 PSYoungGen      total 252928K, used 70221K [0x000000076f780000, 0x000000077f780000, 0x00000007c0000000)
  eden space 246784K, 26% used [0x000000076f780000,0x0000000773631d78,0x000000077e880000)
  from space 6144K, 98% used [0x000000077ef80000,0x000000077f561818,0x000000077f580000)
  to   space 7168K, 0% used [0x000000077e880000,0x000000077e880000,0x000000077ef80000)
 ParOldGen       total 165376K, used 48K [0x00000006ce600000, 0x00000006d8780000, 0x000000076f780000)
  object space 165376K, 0% used [0x00000006ce600000,0x00000006ce60c000,0x00000006d8780000)
 Metaspace       used 17348K, capacity 17561K, committed 17792K, reserved 1064960K
  class space    used 2086K, capacity 2170K, committed 2176K, reserved 1048576K

Card table byte_map: [0x00007f743c4d6000,0x00007f743cc64000] byte_map_base: 0x00007f7438e63000

Marking Bits: (ParMarkBitMap*) 0x00007f743f4370a0
 Begin Bits: [0x00007f7404730000, 0x00007f7408398000)
 End Bits:   [0x00007f7408398000, 0x00007f740c000000)

Polling page: 0x00007f74402bb000

CodeCache: size=245760Kb used=5688Kb max_used=5688Kb free=240071Kb
 bounds [0x00007f7429000000, 0x00007f74295a0000, 0x00007f7438000000]
 total_blobs=2044 nmethods=1471 adapters=486
 compilation: enabled

Compilation events (10 events):
Event: 1.992 Thread 0x00007f74380c5800 1472       3       java.util.HashMap::put (13 bytes)
Event: 1.992 Thread 0x00007f74380c5800 nmethod 1472 0x00007f7429589890 code [0x00007f7429589a20, 0x00007f7429589dd8]
Event: 1.992 Thread 0x00007f74380c5800 1469       3       org.nd4j.linalg.api.ndarray.BaseNDArray::setShapeInformation (30 bytes)
Event: 1.992 Thread 0x00007f74380c5800 nmethod 1469 0x00007f7429588290 code [0x00007f7429588420, 0x00007f7429588888]
Event: 1.993 Thread 0x00007f74380c5800 1473       3       java.util.regex.Pattern$5::isSatisfiedBy (28 bytes)
Event: 1.993 Thread 0x00007f74380c5800 nmethod 1473 0x00007f7429592550 code [0x00007f74295926e0, 0x00007f7429592a78]
Event: 1.993 Thread 0x00007f74380c5800 1474       3       java.util.regex.Pattern$BitClass::isSatisfiedBy (22 bytes)
Event: 1.993 Thread 0x00007f74380c5800 nmethod 1474 0x00007f7429592b90 code [0x00007f7429592d00, 0x00007f7429592f10]
Event: 1.995 Thread 0x00007f74380c5800 1475       3       java.lang.CharacterData::of (120 bytes)
Event: 1.995 Thread 0x00007f74380c5800 nmethod 1475 0x00007f7429593010 code [0x00007f74295931c0, 0x00007f74295936b0]

GC Heap History (10 events):
Event: 0.788 GC heap before
{Heap before GC invocations=2 (full 0):
 PSYoungGen      total 72192K, used 68005K [0x000000076f780000, 0x0000000774800000, 0x00000007c0000000)
  eden space 61952K, 100% used [0x000000076f780000,0x0000000773400000,0x0000000773400000)
  from space 10240K, 59% used [0x0000000773400000,0x00000007739e9798,0x0000000773e00000)
  to   space 10240K, 0% used [0x0000000773e00000,0x0000000773e00000,0x0000000774800000)
 ParOldGen       total 165376K, used 8K [0x00000006ce600000, 0x00000006d8780000, 0x000000076f780000)
  object space 165376K, 0% used [0x00000006ce600000,0x00000006ce602000,0x00000006d8780000)
 Metaspace       used 8963K, capacity 9094K, committed 9344K, reserved 1056768K
  class space    used 1258K, capacity 1305K, committed 1408K, reserved 1048576K
Event: 0.790 GC heap after
Heap after GC invocations=2 (full 0):
 PSYoungGen      total 72192K, used 1942K [0x000000076f780000, 0x0000000778480000, 0x00000007c0000000)
  eden space 61952K, 0% used [0x000000076f780000,0x000000076f780000,0x0000000773400000)
  from space 10240K, 18% used [0x0000000773e00000,0x0000000773fe5b30,0x0000000774800000)
  to   space 10240K, 0% used [0x0000000773400000,0x0000000773400000,0x0000000773e00000)
 ParOldGen       total 165376K, used 16K [0x00000006ce600000, 0x00000006d8780000, 0x000000076f780000)
  object space 165376K, 0% used [0x00000006ce600000,0x00000006ce604000,0x00000006d8780000)
 Metaspace       used 8963K, capacity 9094K, committed 9344K, reserved 1056768K
  class space    used 1258K, capacity 1305K, committed 1408K, reserved 1048576K
}
Event: 0.923 GC heap before
{Heap before GC invocations=3 (full 0):
 PSYoungGen      total 72192K, used 63894K [0x000000076f780000, 0x0000000778480000, 0x00000007c0000000)
  eden space 61952K, 100% used [0x000000076f780000,0x0000000773400000,0x0000000773400000)
  from space 10240K, 18% used [0x0000000773e00000,0x0000000773fe5b30,0x0000000774800000)
  to   space 10240K, 0% used [0x0000000773400000,0x0000000773400000,0x0000000773e00000)
 ParOldGen       total 165376K, used 16K [0x00000006ce600000, 0x00000006d8780000, 0x000000076f780000)
  object space 165376K, 0% used [0x00000006ce600000,0x00000006ce604000,0x00000006d8780000)
 Metaspace       used 9006K, capacity 9158K, committed 9344K, reserved 1056768K
  class space    used 1258K, capacity 1305K, committed 1408K, reserved 1048576K
Event: 0.924 GC heap after
Heap after GC invocations=3 (full 0):
 PSYoungGen      total 72192K, used 1867K [0x000000076f780000, 0x0000000778480000, 0x00000007c0000000)
  eden space 61952K, 0% used [0x000000076f780000,0x000000076f780000,0x0000000773400000)
  from space 10240K, 18% used [0x0000000773400000,0x00000007735d2d78,0x0000000773e00000)
  to   space 10240K, 0% used [0x0000000777a80000,0x0000000777a80000,0x0000000778480000)
 ParOldGen       total 165376K, used 24K [0x00000006ce600000, 0x00000006d8780000, 0x000000076f780000)
  object space 165376K, 0% used [0x00000006ce600000,0x00000006ce606000,0x00000006d8780000)
 Metaspace       used 9006K, capacity 9158K, committed 9344K, reserved 1056768K
  class space    used 1258K, capacity 1305K, committed 1408K, reserved 1048576K
}
Event: 1.160 GC heap before
{Heap before GC invocations=4 (full 0):
 PSYoungGen      total 72192K, used 63819K [0x000000076f780000, 0x0000000778480000, 0x00000007c0000000)
  eden space 61952K, 100% used [0x000000076f780000,0x0000000773400000,0x0000000773400000)
  from space 10240K, 18% used [0x0000000773400000,0x00000007735d2d78,0x0000000773e00000)
  to   space 10240K, 0% used [0x0000000777a80000,0x0000000777a80000,0x0000000778480000)
 ParOldGen       total 165376K, used 24K [0x00000006ce600000, 0x00000006d8780000, 0x000000076f780000)
  object space 165376K, 0% used [0x00000006ce600000,0x00000006ce606000,0x00000006d8780000)
 Metaspace       used 10608K, capacity 10790K, committed 11008K, reserved 1058816K
  class space    used 1401K, capacity 1465K, committed 1536K, reserved 1048576K
Event: 1.165 GC heap after
Heap after GC invocations=4 (full 0):
 PSYoungGen      total 134144K, used 3075K [0x000000076f780000, 0x0000000778480000, 0x00000007c0000000)
  eden space 123904K, 0% used [0x000000076f780000,0x000000076f780000,0x0000000777080000)
  from space 10240K, 30% used [0x0000000777a80000,0x0000000777d80f68,0x0000000778480000)
  to   space 10240K, 0% used [0x0000000777080000,0x0000000777080000,0x0000000777a80000)
 ParOldGen       total 165376K, used 32K [0x00000006ce600000, 0x00000006d8780000, 0x000000076f780000)
  object space 165376K, 0% used [0x00000006ce600000,0x00000006ce608000,0x00000006d8780000)
 Metaspace       used 10608K, capacity 10790K, committed 11008K, reserved 1058816K
  class space    used 1401K, capacity 1465K, committed 1536K, reserved 1048576K
}
Event: 1.394 GC heap before
{Heap before GC invocations=5 (full 0):
 PSYoungGen      total 134144K, used 126979K [0x000000076f780000, 0x0000000778480000, 0x00000007c0000000)
  eden space 123904K, 100% used [0x000000076f780000,0x0000000777080000,0x0000000777080000)
  from space 10240K, 30% used [0x0000000777a80000,0x0000000777d80f68,0x0000000778480000)
  to   space 10240K, 0% used [0x0000000777080000,0x0000000777080000,0x0000000777a80000)
 ParOldGen       total 165376K, used 32K [0x00000006ce600000, 0x00000006d8780000, 0x000000076f780000)
  object space 165376K, 0% used [0x00000006ce600000,0x00000006ce608000,0x00000006d8780000)
 Metaspace       used 10726K, capacity 10918K, committed 11008K, reserved 1058816K
  class space    used 1401K, capacity 1465K, committed 1536K, reserved 1048576K
Event: 1.400 GC heap after
Heap after GC invocations=5 (full 0):
 PSYoungGen      total 134144K, used 4173K [0x000000076f780000, 0x000000077f580000, 0x00000007c0000000)
  eden space 123904K, 0% used [0x000000076f780000,0x000000076f780000,0x0000000777080000)
  from space 10240K, 40% used [0x0000000777080000,0x0000000777493680,0x0000000777a80000)
  to   space 6144K, 0% used [0x000000077ef80000,0x000000077ef80000,0x000000077f580000)
 ParOldGen       total 165376K, used 40K [0x00000006ce600000, 0x00000006d8780000, 0x000000076f780000)
  object space 165376K, 0% used [0x00000006ce600000,0x00000006ce60a000,0x00000006d8780000)
 Metaspace       used 10726K, capacity 10918K, committed 11008K, reserved 1058816K
  class space    used 1401K, capacity 1465K, committed 1536K, reserved 1048576K
}
Event: 1.496 GC heap before
{Heap before GC invocations=6 (full 0):
 PSYoungGen      total 134144K, used 128077K [0x000000076f780000, 0x000000077f580000, 0x00000007c0000000)
  eden space 123904K, 100% used [0x000000076f780000,0x0000000777080000,0x0000000777080000)
  from space 10240K, 40% used [0x0000000777080000,0x0000000777493680,0x0000000777a80000)
  to   space 6144K, 0% used [0x000000077ef80000,0x000000077ef80000,0x000000077f580000)
 ParOldGen       total 165376K, used 40K [0x00000006ce600000, 0x00000006d8780000, 0x000000076f780000)
  object space 165376K, 0% used [0x00000006ce600000,0x00000006ce60a000,0x00000006d8780000)
 Metaspace       used 10726K, capacity 10918K, committed 11008K, reserved 1058816K
  class space    used 1401K, capacity 1465K, committed 1536K, reserved 1048576K
Event: 1.501 GC heap after
Heap after GC invocations=6 (full 0):
 PSYoungGen      total 252928K, used 6022K [0x000000076f780000, 0x000000077f780000, 0x00000007c0000000)
  eden space 246784K, 0% used [0x000000076f780000,0x000000076f780000,0x000000077e880000)
  from space 6144K, 98% used [0x000000077ef80000,0x000000077f561818,0x000000077f580000)
  to   space 7168K, 0% used [0x000000077e880000,0x000000077e880000,0x000000077ef80000)
 ParOldGen       total 165376K, used 48K [0x00000006ce600000, 0x00000006d8780000, 0x000000076f780000)
  object space 165376K, 0% used [0x00000006ce600000,0x00000006ce60c000,0x00000006d8780000)
 Metaspace       used 10726K, capacity 10918K, committed 11008K, reserved 1058816K
  class space    used 1401K, capacity 1465K, committed 1536K, reserved 1048576K
}

Deoptimization events (10 events):
Event: 1.908 Thread 0x00007f7438011800 Uncommon trap: reason=unstable_if action=reinterpret pc=0x00007f74293b6d84 method=sun.misc.FDBigInteger.leftShift(I)Lsun/misc/FDBigInteger; @ 173
Event: 1.908 Thread 0x00007f7438011800 Uncommon trap: reason=unstable_if action=reinterpret pc=0x00007f74293cd1ec method=sun.misc.FDBigInteger.cmp(Lsun/misc/FDBigInteger;)I @ 22
Event: 1.967 Thread 0x00007f7438011800 Uncommon trap: reason=unstable_if action=reinterpret pc=0x00007f74294ad97c method=java.lang.ref.ReferenceQueue.poll()Ljava/lang/ref/Reference; @ 4
Event: 1.976 Thread 0x00007f7438011800 Uncommon trap: reason=unstable_if action=reinterpret pc=0x00007f74294bc088 method=org.nd4j.linalg.api.buffer.BaseDataBuffer.pointer()Lorg/bytedeco/javacpp/Pointer; @ 4
Event: 1.977 Thread 0x00007f7438011800 Uncommon trap: reason=unstable_if action=reinterpret pc=0x00007f742952c14c method=java.util.HashMap.hash(Ljava/lang/Object;)I @ 1
Event: 1.979 Thread 0x00007f7438011800 Uncommon trap: reason=unstable_if action=reinterpret pc=0x00007f7429537ea8 method=java.util.HashMap.hash(Ljava/lang/Object;)I @ 1
Event: 1.993 Thread 0x00007f7438011800 Uncommon trap: reason=unstable_if action=reinterpret pc=0x00007f74294b3dfc method=java.util.regex.Pattern.RemoveQEQuoting()V @ 22
Event: 1.993 Thread 0x00007f7438011800 Uncommon trap: reason=class_check action=maybe_recompile pc=0x00007f74294cf3b4 method=java.util.regex.Pattern.compile()V @ 246
Event: 1.993 Thread 0x00007f7438011800 Uncommon trap: reason=unstable_if action=reinterpret pc=0x00007f742918a3e0 method=java.lang.CharacterData.of(I)Ljava/lang/CharacterData; @ 4
Event: 1.998 Thread 0x00007f7438011800 Uncommon trap: reason=unstable_if action=reinterpret pc=0x00007f74294c1720 method=org.nd4j.linalg.api.buffer.BaseDataBuffer.addressPointer()Lorg/bytedeco/javacpp/Pointer; @ 6

Classes redefined (0 events):
No events

Internal exceptions (10 events):
Event: 0.217 Thread 0x00007f7438011800 Exception <a 'java/security/PrivilegedActionException'> (0x000000076fc07ac8) thrown at [/HUDSON/workspace/8-2-build-linux-amd64/jdk8u181/11358/hotspot/src/share/vm/prims/jvm.cpp, line 1435]
Event: 1.017 Thread 0x00007f7438011800 Exception <a 'java/util/zip/ZipException'> (0x0000000771bc3d28) thrown at [/HUDSON/workspace/8-2-build-linux-amd64/jdk8u181/11358/hotspot/src/share/vm/prims/jni.cpp, line 709]
Event: 1.019 Thread 0x00007f7438011800 Exception <a 'java/util/zip/ZipException'> (0x0000000771bc46c8) thrown at [/HUDSON/workspace/8-2-build-linux-amd64/jdk8u181/11358/hotspot/src/share/vm/prims/jni.cpp, line 709]
Event: 1.027 Thread 0x00007f7438011800 Exception <a 'java/util/zip/ZipException'> (0x0000000771c3c5c0) thrown at [/HUDSON/workspace/8-2-build-linux-amd64/jdk8u181/11358/hotspot/src/share/vm/prims/jni.cpp, line 709]
Event: 1.523 Thread 0x00007f7438011800 Implicit null exception at 0x00007f74294adfb4 to 0x00007f74294ae6c9
Event: 1.797 Thread 0x00007f7438011800 Exception <a 'java/lang/ArrayIndexOutOfBoundsException': 359> (0x0000000772161828) thrown at [/HUDSON/workspace/8-2-build-linux-amd64/jdk8u181/11358/hotspot/src/share/vm/interpreter/interpreterRuntime.cpp, line 366]
Event: 1.798 Thread 0x00007f7438011800 Exception <a 'java/lang/ArrayIndexOutOfBoundsException': 18> (0x00000007721625c0) thrown at [/HUDSON/workspace/8-2-build-linux-amd64/jdk8u181/11358/hotspot/src/share/vm/interpreter/interpreterRuntime.cpp, line 366]
Event: 1.798 Thread 0x00007f7438011800 Exception <a 'java/lang/ArrayIndexOutOfBoundsException': 67> (0x0000000772163638) thrown at [/HUDSON/workspace/8-2-build-linux-amd64/jdk8u181/11358/hotspot/src/share/vm/interpreter/interpreterRuntime.cpp, line 366]
Event: 1.977 Thread 0x00007f7438011800 Implicit null exception at 0x00007f742952bc7b to 0x00007f742952c131
Event: 1.979 Thread 0x00007f7438011800 Implicit null exception at 0x00007f7429537e2f to 0x00007f7429537e99

Events (10 events):
Event: 1.997 loading class org/nd4j/linalg/cache/ArrayDescriptor done
Event: 1.997 loading class org/nd4j/linalg/indexing/SpecifiedIndex
Event: 1.997 loading class org/nd4j/linalg/indexing/SpecifiedIndex done
Event: 1.998 Thread 0x00007f7438011800 Uncommon trap: trap_request=0xffffff65 fr.pc=0x00007f74294c1720
Event: 1.998 Thread 0x00007f7438011800 DEOPT PACKING pc=0x00007f74294c1720 sp=0x00007f744029b4a0
Event: 1.998 Thread 0x00007f7438011800 DEOPT UNPACKING pc=0x00007f742904573a sp=0x00007f744029b450 mode 2
Event: 1.998 loading class org/bytedeco/javacpp/Pointer$1
Event: 1.998 loading class org/bytedeco/javacpp/Pointer$1 done
Event: 1.998 Executing VM operation: Deoptimize
Event: 1.998 Executing VM operation: Deoptimize done


Dynamic libraries:
00400000-00401000 r-xp 00000000 08:01 10098638                           /usr/lib/jvm/jdk1.8.0_181/bin/java
00600000-00601000 rw-p 00000000 08:01 10098638                           /usr/lib/jvm/jdk1.8.0_181/bin/java
016f3000-01714000 rw-p 00000000 00:00 0                                  [heap]
6ce600000-6d8780000 rw-p 00000000 00:00 0 
6d8780000-76f780000 ---p 00000000 00:00 0 
76f780000-77f780000 rw-p 00000000 00:00 0 
77f780000-7c0000000 ---p 00000000 00:00 0 
7c0000000-7c0220000 rw-p 00000000 00:00 0 
7c0220000-800000000 ---p 00000000 00:00 0 
7f73cc939000-7f73d40aa000 r-xp 00000000 08:01 7617490                    /home/nahum/.javacpp/cache/mkl-dnn-0.18.1-1.5-linux-x86_64.jar/org/bytedeco/mkldnn/linux-x86_64/libopenblas_nolapack.so.0
7f73d40aa000-7f73d42aa000 ---p 07771000 08:01 7617490                    /home/nahum/.javacpp/cache/mkl-dnn-0.18.1-1.5-linux-x86_64.jar/org/bytedeco/mkldnn/linux-x86_64/libopenblas_nolapack.so.0
7f73d42aa000-7f73d42cd000 r--p 07771000 08:01 7617490                    /home/nahum/.javacpp/cache/mkl-dnn-0.18.1-1.5-linux-x86_64.jar/org/bytedeco/mkldnn/linux-x86_64/libopenblas_nolapack.so.0
7f73d42cd000-7f73d4392000 rw-p 07794000 08:01 7617490                    /home/nahum/.javacpp/cache/mkl-dnn-0.18.1-1.5-linux-x86_64.jar/org/bytedeco/mkldnn/linux-x86_64/libopenblas_nolapack.so.0
7f73d4392000-7f73d43b7000 rw-p 00000000 00:00 0 
7f73d43b7000-7f73d8356000 r-xp 00000000 08:01 7617484                    /home/nahum/.javacpp/cache/nd4j-native-1.0.0-beta4-linux-x86_64.jar/org/nd4j/nativeblas/linux-x86_64/libnd4jcpu.so
7f73d8356000-7f73d8556000 ---p 03f9f000 08:01 7617484                    /home/nahum/.javacpp/cache/nd4j-native-1.0.0-beta4-linux-x86_64.jar/org/nd4j/nativeblas/linux-x86_64/libnd4jcpu.so
7f73d8556000-7f73d8563000 r--p 03f9f000 08:01 7617484                    /home/nahum/.javacpp/cache/nd4j-native-1.0.0-beta4-linux-x86_64.jar/org/nd4j/nativeblas/linux-x86_64/libnd4jcpu.so
7f73d8563000-7f73d8582000 rw-p 03fac000 08:01 7617484                    /home/nahum/.javacpp/cache/nd4j-native-1.0.0-beta4-linux-x86_64.jar/org/nd4j/nativeblas/linux-x86_64/libnd4jcpu.so
7f73d8582000-7f73dfcf3000 r-xp 00000000 08:01 7617476                    /home/nahum/.javacpp/cache/mkl-dnn-0.18.1-1.5-linux-x86_64.jar/org/bytedeco/mkldnn/linux-x86_64/libmklml_intel.so
7f73dfcf3000-7f73dfef3000 ---p 07771000 08:01 7617476                    /home/nahum/.javacpp/cache/mkl-dnn-0.18.1-1.5-linux-x86_64.jar/org/bytedeco/mkldnn/linux-x86_64/libmklml_intel.so
7f73dfef3000-7f73dff16000 r--p 07771000 08:01 7617476                    /home/nahum/.javacpp/cache/mkl-dnn-0.18.1-1.5-linux-x86_64.jar/org/bytedeco/mkldnn/linux-x86_64/libmklml_intel.so
7f73dff16000-7f73dffdb000 rw-p 07794000 08:01 7617476                    /home/nahum/.javacpp/cache/mkl-dnn-0.18.1-1.5-linux-x86_64.jar/org/bytedeco/mkldnn/linux-x86_64/libmklml_intel.so
7f73dffdb000-7f73e0000000 rw-p 00000000 00:00 0 
7f73e0000000-7f73e0021000 rw-p 00000000 00:00 0 
7f73e0021000-7f73e4000000 ---p 00000000 00:00 0 
7f73e4000000-7f73e4021000 rw-p 00000000 00:00 0 
7f73e4021000-7f73e8000000 ---p 00000000 00:00 0 
7f73e8000000-7f73e848e000 rw-p 00000000 00:00 0 
7f73e848e000-7f73ec000000 ---p 00000000 00:00 0 
7f73ec000000-7f73ec021000 rw-p 00000000 00:00 0 
7f73ec021000-7f73f0000000 ---p 00000000 00:00 0 
7f73f0000000-7f73f06dc000 rw-p 00000000 00:00 0 
7f73f06dc000-7f73f4000000 ---p 00000000 00:00 0 
7f73f4000000-7f73f44ae000 rw-p 00000000 00:00 0 
7f73f44ae000-7f73f8000000 ---p 00000000 00:00 0 
7f73f8000000-7f73f8021000 rw-p 00000000 00:00 0 
7f73f8021000-7f73fc000000 ---p 00000000 00:00 0 
7f73fc000000-7f73fc021000 rw-p 00000000 00:00 0 
7f73fc021000-7f7400000000 ---p 00000000 00:00 0 
7f7400000000-7f7400021000 rw-p 00000000 00:00 0 
7f7400021000-7f7404000000 ---p 00000000 00:00 0 
7f7404730000-7f740c000000 rw-p 00000000 00:00 0 
7f740c000000-7f740c021000 rw-p 00000000 00:00 0 
7f740c021000-7f7410000000 ---p 00000000 00:00 0 
7f7410000000-7f7410021000 rw-p 00000000 00:00 0 
7f7410021000-7f7414000000 ---p 00000000 00:00 0 
7f7414000000-7f7414021000 rw-p 00000000 00:00 0 
7f7414021000-7f7418000000 ---p 00000000 00:00 0 
7f7419d39000-7f7419e79000 rw-p 00000000 00:00 0 
7f7419e79000-7f7419f39000 ---p 00000000 00:00 0 
7f7419f39000-7f741a139000 rw-p 00000000 00:00 0 
7f741a139000-7f741a339000 rw-p 00000000 00:00 0 
7f741a339000-7f741a33a000 ---p 00000000 00:00 0 
7f741a33a000-7f741ad3a000 rw-p 00000000 00:00 0 
7f741ad3a000-7f741ad7f000 r-xp 00000000 08:01 7617506                    /home/nahum/.javacpp/cache/openblas-0.3.5-1.5-linux-x86_64.jar/org/bytedeco/openblas/linux-x86_64/libjniopenblas_nolapack.so
7f741ad7f000-7f741af7e000 ---p 00045000 08:01 7617506                    /home/nahum/.javacpp/cache/openblas-0.3.5-1.5-linux-x86_64.jar/org/bytedeco/openblas/linux-x86_64/libjniopenblas_nolapack.so
7f741af7e000-7f741af7f000 r--p 00044000 08:01 7617506                    /home/nahum/.javacpp/cache/openblas-0.3.5-1.5-linux-x86_64.jar/org/bytedeco/openblas/linux-x86_64/libjniopenblas_nolapack.so
7f741af7f000-7f741af80000 rw-p 00045000 08:01 7617506                    /home/nahum/.javacpp/cache/openblas-0.3.5-1.5-linux-x86_64.jar/org/bytedeco/openblas/linux-x86_64/libjniopenblas_nolapack.so
7f741af80000-7f741b0ec000 r-xp 00000000 08:01 7617504                    /home/nahum/.javacpp/cache/openblas-0.3.5-1.5-linux-x86_64.jar/org/bytedeco/openblas/linux-x86_64/libgfortran.so.4
7f741b0ec000-7f741b2eb000 ---p 0016c000 08:01 7617504                    /home/nahum/.javacpp/cache/openblas-0.3.5-1.5-linux-x86_64.jar/org/bytedeco/openblas/linux-x86_64/libgfortran.so.4
7f741b2eb000-7f741b2ee000 rw-p 0016b000 08:01 7617504                    /home/nahum/.javacpp/cache/openblas-0.3.5-1.5-linux-x86_64.jar/org/bytedeco/openblas/linux-x86_64/libgfortran.so.4
7f741b2ee000-7f741b32d000 r-xp 00000000 08:01 7617502                    /home/nahum/.javacpp/cache/openblas-0.3.5-1.5-linux-x86_64.jar/org/bytedeco/openblas/linux-x86_64/libquadmath.so.0
7f741b32d000-7f741b52c000 ---p 0003f000 08:01 7617502                    /home/nahum/.javacpp/cache/openblas-0.3.5-1.5-linux-x86_64.jar/org/bytedeco/openblas/linux-x86_64/libquadmath.so.0
7f741b52c000-7f741b52d000 rw-p 0003e000 08:01 7617502                    /home/nahum/.javacpp/cache/openblas-0.3.5-1.5-linux-x86_64.jar/org/bytedeco/openblas/linux-x86_64/libquadmath.so.0
7f741b52d000-7f741b543000 r-xp 00000000 08:01 7617497                    /home/nahum/.javacpp/cache/openblas-0.3.5-1.5-linux-x86_64.jar/org/bytedeco/openblas/linux-x86_64/libgcc_s.so.1
7f741b543000-7f741b742000 ---p 00016000 08:01 7617497                    /home/nahum/.javacpp/cache/openblas-0.3.5-1.5-linux-x86_64.jar/org/bytedeco/openblas/linux-x86_64/libgcc_s.so.1
7f741b742000-7f741b743000 rw-p 00015000 08:01 7617497                    /home/nahum/.javacpp/cache/openblas-0.3.5-1.5-linux-x86_64.jar/org/bytedeco/openblas/linux-x86_64/libgcc_s.so.1
7f741b743000-7f741ba10000 r-xp 00000000 08:01 7617489                    /home/nahum/.javacpp/cache/nd4j-native-1.0.0-beta4-linux-x86_64.jar/org/nd4j/nativeblas/linux-x86_64/libjnind4jcpu.so
7f741ba10000-7f741bc0f000 ---p 002cd000 08:01 7617489                    /home/nahum/.javacpp/cache/nd4j-native-1.0.0-beta4-linux-x86_64.jar/org/nd4j/nativeblas/linux-x86_64/libjnind4jcpu.so
7f741bc0f000-7f741bc73000 r--p 002cc000 08:01 7617489                    /home/nahum/.javacpp/cache/nd4j-native-1.0.0-beta4-linux-x86_64.jar/org/nd4j/nativeblas/linux-x86_64/libjnind4jcpu.so
7f741bc73000-7f741bc76000 rw-p 00330000 08:01 7617489                    /home/nahum/.javacpp/cache/nd4j-native-1.0.0-beta4-linux-x86_64.jar/org/nd4j/nativeblas/linux-x86_64/libjnind4jcpu.so
7f741bc76000-7f741bc77000 rw-p 00000000 00:00 0 
7f741bc77000-7f741bdf0000 r-xp 00000000 08:01 9438101                    /usr/lib/x86_64-linux-gnu/libstdc++.so.6.0.25
7f741bdf0000-7f741bff0000 ---p 00179000 08:01 9438101                    /usr/lib/x86_64-linux-gnu/libstdc++.so.6.0.25
7f741bff0000-7f741bffa000 r--p 00179000 08:01 9438101                    /usr/lib/x86_64-linux-gnu/libstdc++.so.6.0.25
7f741bffa000-7f741bffc000 rw-p 00183000 08:01 9438101                    /usr/lib/x86_64-linux-gnu/libstdc++.so.6.0.25
7f741bffc000-7f741c000000 rw-p 00000000 00:00 0 
7f741c000000-7f741c021000 rw-p 00000000 00:00 0 
7f741c021000-7f7420000000 ---p 00000000 00:00 0 
7f74200af000-7f7420958000 r-xp 00000000 08:01 7617477                    /home/nahum/.javacpp/cache/mkl-dnn-0.18.1-1.5-linux-x86_64.jar/org/bytedeco/mkldnn/linux-x86_64/libmkldnn.so.0
7f7420958000-7f7420b57000 ---p 008a9000 08:01 7617477                    /home/nahum/.javacpp/cache/mkl-dnn-0.18.1-1.5-linux-x86_64.jar/org/bytedeco/mkldnn/linux-x86_64/libmkldnn.so.0
7f7420b57000-7f7420b81000 r--p 008a8000 08:01 7617477                    /home/nahum/.javacpp/cache/mkl-dnn-0.18.1-1.5-linux-x86_64.jar/org/bytedeco/mkldnn/linux-x86_64/libmkldnn.so.0
7f7420b81000-7f7420b82000 rw-p 008d2000 08:01 7617477                    /home/nahum/.javacpp/cache/mkl-dnn-0.18.1-1.5-linux-x86_64.jar/org/bytedeco/mkldnn/linux-x86_64/libmkldnn.so.0
7f7420b82000-7f7420b85000 rw-p 00000000 00:00 0 
7f7420b85000-7f7420b9c000 r-xp 00000000 08:01 8126514                    /lib/x86_64-linux-gnu/libgcc_s.so.1
7f7420b9c000-7f7420d9b000 ---p 00017000 08:01 8126514                    /lib/x86_64-linux-gnu/libgcc_s.so.1
7f7420d9b000-7f7420d9c000 r--p 00016000 08:01 8126514                    /lib/x86_64-linux-gnu/libgcc_s.so.1
7f7420d9c000-7f7420d9d000 rw-p 00017000 08:01 8126514                    /lib/x86_64-linux-gnu/libgcc_s.so.1
7f7420db3000-7f7420db8000 r--s 0009d000 08:01 11405848                   /usr/lib/jvm/jdk1.8.0_181/jre/lib/jsse.jar
7f7420db8000-7f7420f59000 r-xp 00000000 08:01 7617475                    /home/nahum/.javacpp/cache/mkl-dnn-0.18.1-1.5-linux-x86_64.jar/org/bytedeco/mkldnn/linux-x86_64/libiomp5.so
7f7420f59000-7f7421158000 ---p 001a1000 08:01 7617475                    /home/nahum/.javacpp/cache/mkl-dnn-0.18.1-1.5-linux-x86_64.jar/org/bytedeco/mkldnn/linux-x86_64/libiomp5.so
7f7421158000-7f742115b000 r--p 001a0000 08:01 7617475                    /home/nahum/.javacpp/cache/mkl-dnn-0.18.1-1.5-linux-x86_64.jar/org/bytedeco/mkldnn/linux-x86_64/libiomp5.so
7f742115b000-7f7421165000 rw-p 001a3000 08:01 7617475                    /home/nahum/.javacpp/cache/mkl-dnn-0.18.1-1.5-linux-x86_64.jar/org/bytedeco/mkldnn/linux-x86_64/libiomp5.so
7f7421165000-7f7421194000 rw-p 00000000 00:00 0 
7f7421194000-7f74211a9000 r-xp 00000000 08:01 7617473                    /home/nahum/.javacpp/cache/mkl-dnn-0.18.1-1.5-linux-x86_64.jar/org/bytedeco/mkldnn/linux-x86_64/libgomp.so.1
7f74211a9000-7f74213a8000 ---p 00015000 08:01 7617473                    /home/nahum/.javacpp/cache/mkl-dnn-0.18.1-1.5-linux-x86_64.jar/org/bytedeco/mkldnn/linux-x86_64/libgomp.so.1
7f74213a8000-7f74213a9000 rw-p 00014000 08:01 7617473                    /home/nahum/.javacpp/cache/mkl-dnn-0.18.1-1.5-linux-x86_64.jar/org/bytedeco/mkldnn/linux-x86_64/libgomp.so.1
7f74213a9000-7f74213ac000 ---p 00000000 00:00 0 
7f74213ac000-7f74214aa000 rw-p 00000000 00:00 0 
7f74214aa000-7f74214ab000 r--s 00010000 08:01 11405856                   /usr/lib/jvm/jdk1.8.0_181/jre/lib/ext/zipfs.jar
7f74214ab000-7f74214c1000 r-xp 00000000 08:01 11406007                   /usr/lib/jvm/jdk1.8.0_181/jre/lib/amd64/libnet.so
7f74214c1000-7f74216c1000 ---p 00016000 08:01 11406007                   /usr/lib/jvm/jdk1.8.0_181/jre/lib/amd64/libnet.so
7f74216c1000-7f74216c2000 rw-p 00016000 08:01 11406007                   /usr/lib/jvm/jdk1.8.0_181/jre/lib/amd64/libnet.so
7f74216c2000-7f74216d3000 r-xp 00000000 08:01 11406010                   /usr/lib/jvm/jdk1.8.0_181/jre/lib/amd64/libnio.so
7f74216d3000-7f74218d2000 ---p 00011000 08:01 11406010                   /usr/lib/jvm/jdk1.8.0_181/jre/lib/amd64/libnio.so
7f74218d2000-7f74218d3000 rw-p 00010000 08:01 11406010                   /usr/lib/jvm/jdk1.8.0_181/jre/lib/amd64/libnio.so
7f74218d3000-7f74218d4000 r--s 00001000 08:01 11015371                   /home/nahum/.m2/repository/org/slf4j/slf4j-simple/1.6.4/slf4j-simple-1.6.4.jar
7f74218d4000-7f74218d6000 r--s 00005000 08:01 12327745                   /home/nahum/.m2/repository/org/slf4j/slf4j-api/1.7.5/slf4j-api-1.7.5.jar
7f74218d6000-7f74218d7000 r--s 00002000 08:01 12327324                   /home/nahum/.m2/repository/org/nd4j/nd4j-jackson/1.0.0-beta4/nd4j-jackson-1.0.0-beta4.jar
7f74218d7000-7f74218d9000 r--s 0000c000 08:01 12327301                   /home/nahum/.m2/repository/org/objenesis/objenesis/2.6/objenesis-2.6.jar
7f74218d9000-7f74218e3000 r--s 00052000 08:01 12715712                   /home/nahum/.m2/repository/org/threadly/threadly/4.10.0/threadly-4.10.0.jar
7f74218e3000-7f74218e8000 r--s 00041000 08:01 10622763                   /home/nahum/.m2/repository/commons-lang/commons-lang/2.6/commons-lang-2.6.jar
7f74218e8000-7f74218ea000 r--s 00009000 08:01 12327319                   /home/nahum/.m2/repository/org/nd4j/nd4j-native-api/1.0.0-beta4/nd4j-native-api-1.0.0-beta4.jar
7f74218ea000-7f74218f5000 r--s 00501000 08:01 12327752                   /home/nahum/.m2/repository/org/deeplearning4j/deeplearning4j-nlp/1.0.0-beta4/deeplearning4j-nlp-1.0.0-beta4.jar
7f74218f5000-7f742191f000 rw-p 00000000 00:00 0 
7f742191f000-7f7421a44000 r--s 00efa000 08:01 12327411                   /home/nahum/.m2/repository/it/unimi/dsi/fastutil/6.5.7/fastutil-6.5.7.jar
7f7421a44000-7f7421a46000 r--s 0000b000 08:01 11802292                   /home/nahum/.m2/repository/com/tdunning/t-digest/3.2/t-digest-3.2.jar
7f7421a46000-7f7421a47000 r--s 00004000 08:01 1179683                    /home/nahum/.m2/repository/net/sf/opencsv/opencsv/2.3/opencsv-2.3.jar
7f7421a47000-7f7421a4a000 r--s 00028000 08:01 11173991                   /home/nahum/.m2/repository/com/clearspring/analytics/stream/2.7.0/stream-2.7.0.jar
7f7421a4a000-7f7421a4e000 r--s 00032000 08:01 12327417                   /home/nahum/.m2/repository/org/nd4j/nd4j-common/1.0.0-beta4/nd4j-common-1.0.0-beta4.jar
7f7421a4e000-7f7421a66000 r--s 00132000 08:01 12327753                   /home/nahum/.m2/repository/org/freemarker/freemarker/2.3.23/freemarker-2.3.23.jar
7f7421a66000-7f7421a6d000 r--s 0003c000 08:01 12327293                   /home/nahum/.m2/repository/org/yaml/snakeyaml/1.12/snakeyaml-1.12.jar
7f7421a6d000-7f7421a7d000 r--s 0007d000 08:01 12327276                   /home/nahum/.m2/repository/joda-time/joda-time/2.2/joda-time-2.2.jar
7f7421a7d000-7f7421a84000 r--s 0003f000 08:01 12327285                   /home/nahum/.m2/repository/commons-codec/commons-codec/1.10/commons-codec-1.10.jar
7f7421a84000-7f7421a97000 r--s 000d1000 08:01 12327802                   /home/nahum/.m2/repository/org/datavec/datavec-api/1.0.0-beta4/datavec-api-1.0.0-beta4.jar
7f7421a97000-7f7421a99000 r--s 00d1b000 08:01 12327724                   /home/nahum/.m2/repository/org/nd4j/nd4j-native/1.0.0-beta4/nd4j-native-1.0.0-beta4-linux-armhf.jar
7f7421a99000-7f7421a9a000 r--s 00e26000 08:01 12327716                   /home/nahum/.m2/repository/org/nd4j/nd4j-native/1.0.0-beta4/nd4j-native-1.0.0-beta4-linux-ppc64le.jar
7f7421a9a000-7f7421a9c000 r--s 00ecd000 08:01 12327701                   /home/nahum/.m2/repository/org/nd4j/nd4j-native/1.0.0-beta4/nd4j-native-1.0.0-beta4-windows-x86_64.jar
7f7421a9c000-7f7421a9d000 r--s 00e53000 08:01 12327729                   /home/nahum/.m2/repository/org/nd4j/nd4j-native/1.0.0-beta4/nd4j-native-1.0.0-beta4-macosx-x86_64.jar
7f7421a9d000-7f7421a9f000 r--s 00e55000 08:01 12327722                   /home/nahum/.m2/repository/org/nd4j/nd4j-native/1.0.0-beta4/nd4j-native-1.0.0-beta4-linux-x86_64.jar
7f7421a9f000-7f7421aa1000 r--s 0107e000 08:01 12327711                   /home/nahum/.m2/repository/org/nd4j/nd4j-native/1.0.0-beta4/nd4j-native-1.0.0-beta4-ios-x86_64.jar
7f7421aa1000-7f7421aa2000 r--s 00c99000 08:01 12327723                   /home/nahum/.m2/repository/org/nd4j/nd4j-native/1.0.0-beta4/nd4j-native-1.0.0-beta4-ios-arm64.jar
7f7421aa2000-7f7421aa3000 r--s 00f1a000 08:01 12327704                   /home/nahum/.m2/repository/org/nd4j/nd4j-native/1.0.0-beta4/nd4j-native-1.0.0-beta4-android-x86_64.jar
7f7421aa3000-7f7421aa4000 r--s 01466000 08:01 12327666                   /home/nahum/.m2/repository/org/nd4j/nd4j-native/1.0.0-beta4/nd4j-native-1.0.0-beta4-android-x86.jar
7f7421aa4000-7f7421aa5000 r--s 00bdb000 08:01 12327672                   /home/nahum/.m2/repository/org/nd4j/nd4j-native/1.0.0-beta4/nd4j-native-1.0.0-beta4-android-arm64.jar
7f7421aa5000-7f7421aa6000 r--s 00b6c000 08:01 12327689                   /home/nahum/.m2/repository/org/nd4j/nd4j-native/1.0.0-beta4/nd4j-native-1.0.0-beta4-android-arm.jar
7f7421aa6000-7f7421ab3000 r--s 00084000 08:01 12327707                   /home/nahum/.m2/repository/org/nd4j/nd4j-native/1.0.0-beta4/nd4j-native-1.0.0-beta4.jar
7f7421ab3000-7f7421ab6000 r--s 01f5a000 08:01 12327705                   /home/nahum/.m2/repository/org/bytedeco/mkl-dnn/0.18.1-1.5/mkl-dnn-0.18.1-1.5-windows-x86_64.jar
7f7421ab6000-7f7421ab9000 r--s 01e82000 08:01 12327653                   /home/nahum/.m2/repository/org/bytedeco/mkl-dnn/0.18.1-1.5/mkl-dnn-0.18.1-1.5-macosx-x86_64.jar
7f7421ab9000-7f7421abc000 r--s 0247b000 08:01 12327727                   /home/nahum/.m2/repository/org/bytedeco/mkl-dnn/0.18.1-1.5/mkl-dnn-0.18.1-1.5-linux-x86_64.jar
7f7421abc000-7f7421ac2000 r--s 00023000 08:01 12327721                   /home/nahum/.m2/repository/org/bytedeco/mkl-dnn/0.18.1-1.5/mkl-dnn-0.18.1-1.5.jar
7f7421ac2000-7f7421ac3000 r--s 00000000 08:01 12327688                   /home/nahum/.m2/repository/org/bytedeco/mkl-dnn-platform/0.18.1-1.5/mkl-dnn-platform-0.18.1-1.5.jar
7f7421ac3000-7f7421ac4000 r--s 002ec000 08:01 12327692                   /home/nahum/.m2/repository/org/bytedeco/mkl/2019.3-1.5/mkl-2019.3-1.5-windows-x86_64.jar
7f7421ac4000-7f7421ac6000 r--s 001d5000 08:01 12327685                   /home/nahum/.m2/repository/org/bytedeco/mkl/2019.3-1.5/mkl-2019.3-1.5-windows-x86.jar
7f7421ac6000-7f7421ac7000 r--s 0036f000 08:01 12327693                   /home/nahum/.m2/repository/org/bytedeco/mkl/2019.3-1.5/mkl-2019.3-1.5-macosx-x86_64.jar
7f7421ac7000-7f7421ac8000 r--s 003dc000 08:01 12327712                   /home/nahum/.m2/repository/org/bytedeco/mkl/2019.3-1.5/mkl-2019.3-1.5-linux-x86_64.jar
7f7421ac8000-7f7421ac9000 r--s 00398000 08:01 12327686                   /home/nahum/.m2/repository/org/bytedeco/mkl/2019.3-1.5/mkl-2019.3-1.5-linux-x86.jar
7f7421ac9000-7f7421acc000 r--s 00030000 08:01 12327726                   /home/nahum/.m2/repository/org/bytedeco/mkl/2019.3-1.5/mkl-2019.3-1.5.jar
7f7421acc000-7f7421acd000 r--s 00000000 08:01 12327681                   /home/nahum/.m2/repository/org/bytedeco/mkl-platform/2019.3-1.5/mkl-platform-2019.3-1.5.jar
7f7421acd000-7f7421acf000 r--s 00bcb000 08:01 12327677                   /home/nahum/.m2/repository/org/bytedeco/openblas/0.3.5-1.5/openblas-0.3.5-1.5-windows-x86_64.jar
7f7421acf000-7f7421ad1000 r--s 0093e000 08:01 12327674                   /home/nahum/.m2/repository/org/bytedeco/openblas/0.3.5-1.5/openblas-0.3.5-1.5-windows-x86.jar
7f7421ad1000-7f7421ad3000 r--s 00bca000 08:01 12327669                   /home/nahum/.m2/repository/org/bytedeco/openblas/0.3.5-1.5/openblas-0.3.5-1.5-macosx-x86_64.jar
7f7421ad3000-7f7421ad4000 r--s 0074b000 08:01 12327660                   /home/nahum/.m2/repository/org/bytedeco/openblas/0.3.5-1.5/openblas-0.3.5-1.5-linux-ppc64le.jar
7f7421ad4000-7f7421ad6000 r--s 00608000 08:01 12327673                   /home/nahum/.m2/repository/org/bytedeco/openblas/0.3.5-1.5/openblas-0.3.5-1.5-linux-armhf.jar
7f7421ad6000-7f7421ad8000 r--s 00b91000 08:01 12327736                   /home/nahum/.m2/repository/org/bytedeco/openblas/0.3.5-1.5/openblas-0.3.5-1.5-linux-x86_64.jar
7f7421ad8000-7f7421ad9000 r--s 00971000 08:01 12327670                   /home/nahum/.m2/repository/org/bytedeco/openblas/0.3.5-1.5/openblas-0.3.5-1.5-linux-x86.jar
7f7421ad9000-7f7421ada000 r--s 000dc000 08:01 12327668                   /home/nahum/.m2/repository/org/bytedeco/openblas/0.3.5-1.5/openblas-0.3.5-1.5-ios-x86_64.jar
7f7421ada000-7f7421adc000 r--s 000cb000 08:01 12327665                   /home/nahum/.m2/repository/org/bytedeco/openblas/0.3.5-1.5/openblas-0.3.5-1.5-ios-arm64.jar
7f7421adc000-7f7421ade000 r--s 00173000 08:01 12327664                   /home/nahum/.m2/repository/org/bytedeco/openblas/0.3.5-1.5/openblas-0.3.5-1.5-android-x86_64.jar
7f7421ade000-7f7421adf000 r--s 00144000 08:01 12327651                   /home/nahum/.m2/repository/org/bytedeco/openblas/0.3.5-1.5/openblas-0.3.5-1.5-android-x86.jar
7f7421adf000-7f7421ae1000 r--s 000ef000 08:01 12327661                   /home/nahum/.m2/repository/org/bytedeco/openblas/0.3.5-1.5/openblas-0.3.5-1.5-android-arm64.jar
7f7421ae1000-7f7421ae3000 r--s 000cb000 08:01 12327658                   /home/nahum/.m2/repository/org/bytedeco/openblas/0.3.5-1.5/openblas-0.3.5-1.5-android-arm.jar
7f7421ae3000-7f7421ae5000 r--s 0001e000 08:01 12327718                   /home/nahum/.m2/repository/org/bytedeco/openblas/0.3.5-1.5/openblas-0.3.5-1.5.jar
7f7421ae5000-7f7421ae6000 r--s 00000000 08:01 12327654                   /home/nahum/.m2/repository/org/bytedeco/openblas-platform/0.3.5-1.5/openblas-platform-0.3.5-1.5.jar
7f7421ae6000-7f7421ae7000 r--s 00000000 08:01 12327954                   /home/nahum/.m2/repository/org/nd4j/nd4j-native-platform/1.0.0-beta4/nd4j-native-platform-1.0.0-beta4-linux-x86_64.jar
7f7421ae7000-7f7421aea000 r--s 00014000 08:01 12715710                   /home/nahum/.m2/repository/org/deeplearning4j/deeplearning4j-ui-components/1.0.0-beta4/deeplearning4j-ui-components-1.0.0-beta4.jar
7f7421aea000-7f7421aef000 r--s 00331000 08:01 12715985                   /home/nahum/.m2/repository/org/bytedeco/leptonica/1.78.0-1.5/leptonica-1.78.0-1.5-windows-x86_64.jar
7f7421aef000-7f7421af3000 r--s 00335000 08:01 12715984                   /home/nahum/.m2/repository/org/bytedeco/leptonica/1.78.0-1.5/leptonica-1.78.0-1.5-windows-x86.jar
7f7421af3000-7f7421af7000 r--s 002a5000 08:01 12715981                   /home/nahum/.m2/repository/org/bytedeco/leptonica/1.78.0-1.5/leptonica-1.78.0-1.5-macosx-x86_64.jar
7f7421af7000-7f7421afb000 r--s 00272000 08:01 12715979                   /home/nahum/.m2/repository/org/bytedeco/leptonica/1.78.0-1.5/leptonica-1.78.0-1.5-linux-ppc64le.jar
7f7421afb000-7f7421afe000 r--s 00245000 08:01 12715977                   /home/nahum/.m2/repository/org/bytedeco/leptonica/1.78.0-1.5/leptonica-1.78.0-1.5-linux-armhf.jar
7f7421afe000-7f7421b01000 r--s 002b3000 08:01 12715975                   /home/nahum/.m2/repository/org/bytedeco/leptonica/1.78.0-1.5/leptonica-1.78.0-1.5-linux-x86_64.jar
7f7421b01000-7f7421b05000 r--s 0028d000 08:01 12715973                   /home/nahum/.m2/repository/org/bytedeco/leptonica/1.78.0-1.5/leptonica-1.78.0-1.5-linux-x86.jar
7f7421b05000-7f7421b08000 r--s 002ef000 08:01 12715971                   /home/nahum/.m2/repository/org/bytedeco/leptonica/1.78.0-1.5/leptonica-1.78.0-1.5-android-x86_64.jar
7f7421b08000-7f7421b0b000 r--s 002fd000 08:01 12715969                   /home/nahum/.m2/repository/org/bytedeco/leptonica/1.78.0-1.5/leptonica-1.78.0-1.5-android-x86.jar
7f7421b0b000-7f7421b0e000 r--s 00294000 08:01 12715967                   /home/nahum/.m2/repository/org/bytedeco/leptonica/1.78.0-1.5/leptonica-1.78.0-1.5-android-arm64.jar
7f7421b0e000-7f7421b11000 r--s 00287000 08:01 12715728                   /home/nahum/.m2/repository/org/bytedeco/leptonica/1.78.0-1.5/leptonica-1.78.0-1.5-android-arm.jar
7f7421b11000-7f7421b26000 r--s 015b9000 08:01 12327803                   /home/nahum/.m2/repository/org/bytedeco/opencv/4.0.1-1.5/opencv-4.0.1-1.5-windows-x86_64.jar
7f7421b26000-7f7421b3b000 r--s 01289000 08:01 12327798                   /home/nahum/.m2/repository/org/bytedeco/opencv/4.0.1-1.5/opencv-4.0.1-1.5-windows-x86.jar
7f7421b3b000-7f7421b57000 r--s 01286000 08:01 12327810                   /home/nahum/.m2/repository/org/bytedeco/opencv/4.0.1-1.5/opencv-4.0.1-1.5-macosx-x86_64.jar
7f7421b57000-7f7421b73000 r--s 013d9000 08:01 12327804                   /home/nahum/.m2/repository/org/bytedeco/opencv/4.0.1-1.5/opencv-4.0.1-1.5-linux-ppc64le.jar
7f7421b73000-7f7421b8e000 r--s 0123a000 08:01 12327800                   /home/nahum/.m2/repository/org/bytedeco/opencv/4.0.1-1.5/opencv-4.0.1-1.5-linux-armhf.jar
7f7421b8e000-7f7421ba9000 r--s 01253000 08:01 12327796                   /home/nahum/.m2/repository/org/bytedeco/opencv/4.0.1-1.5/opencv-4.0.1-1.5-linux-x86_64.jar
7f7421ba9000-7f7421bc4000 r--s 012ba000 08:01 12327794                   /home/nahum/.m2/repository/org/bytedeco/opencv/4.0.1-1.5/opencv-4.0.1-1.5-linux-x86.jar
7f7421bc4000-7f7421bdf000 r--s 01578000 08:01 12327792                   /home/nahum/.m2/repository/org/bytedeco/opencv/4.0.1-1.5/opencv-4.0.1-1.5-ios-x86_64.jar
7f7421bdf000-7f7421bfa000 r--s 0136a000 08:01 12327791                   /home/nahum/.m2/repository/org/bytedeco/opencv/4.0.1-1.5/opencv-4.0.1-1.5-ios-arm64.jar
7f7421bfa000-7f7421c07000 r--s 012af000 08:01 12327789                   /home/nahum/.m2/repository/org/bytedeco/opencv/4.0.1-1.5/opencv-4.0.1-1.5-android-x86_64.jar
7f7421c07000-7f7421c14000 r--s 01286000 08:01 12327769                   /home/nahum/.m2/repository/org/bytedeco/opencv/4.0.1-1.5/opencv-4.0.1-1.5-android-x86.jar
7f7421c14000-7f7421c22000 r--s 01088000 08:01 12327777                   /home/nahum/.m2/repository/org/bytedeco/opencv/4.0.1-1.5/opencv-4.0.1-1.5-android-arm64.jar
7f7421c22000-7f7421c30000 r--s 00f30000 08:01 12327760                   /home/nahum/.m2/repository/org/bytedeco/opencv/4.0.1-1.5/opencv-4.0.1-1.5-android-arm.jar
7f7421c30000-7f7421c34000 r--s 0000f000 08:01 12715961                   /home/nahum/.m2/repository/org/bytedeco/tesseract/4.0.0-1.5/tesseract-4.0.0-1.5.jar
7f7421c34000-7f7421c38000 r--s 00023000 08:01 12715965                   /home/nahum/.m2/repository/org/bytedeco/leptonica/1.78.0-1.5/leptonica-1.78.0-1.5.jar
7f7421c38000-7f7421c3a000 r--s 00002000 08:01 12715957                   /home/nahum/.m2/repository/org/bytedeco/flandmark/1.07-1.5/flandmark-1.07-1.5.jar
7f7421c3a000-7f7421c3c000 r--s 00005000 08:01 12715955                   /home/nahum/.m2/repository/org/bytedeco/artoolkitplus/2.3.1-1.5/artoolkitplus-2.3.1-1.5.jar
7f7421c3c000-7f7421c3e000 r--s 00003000 08:01 12715954                   /home/nahum/.m2/repository/org/bytedeco/videoinput/0.200-1.5/videoinput-0.200-1.5.jar
7f7421c3e000-7f7421c41000 r--s 0000a000 08:01 12715748                   /home/nahum/.m2/repository/org/bytedeco/librealsense/1.12.1-1.5/librealsense-1.12.1-1.5.jar
7f7421c41000-7f7421c43000 r--s 00005000 08:01 12715746                   /home/nahum/.m2/repository/org/bytedeco/libfreenect2/0.2.0-1.5/libfreenect2-0.2.0-1.5.jar
7f7421c43000-7f7421c45000 r--s 00004000 08:01 12715745                   /home/nahum/.m2/repository/org/bytedeco/libfreenect/0.5.7-1.5/libfreenect-0.5.7-1.5.jar
7f7421c45000-7f7421c47000 r--s 00006000 08:01 12715742                   /home/nahum/.m2/repository/org/bytedeco/libdc1394/2.2.5-1.5/libdc1394-2.2.5-1.5.jar
7f7421c47000-7f7421c4c000 r--s 0001c000 08:01 12715740                   /home/nahum/.m2/repository/org/bytedeco/flycapture/2.13.3.31-1.5/flycapture-2.13.3.31-1.5.jar
7f7421c4c000-7f7421c54000 r--s 00035000 08:01 12715717                   /home/nahum/.m2/repository/org/bytedeco/ffmpeg/4.1.3-1.5/ffmpeg-4.1.3-1.5.jar
7f7421c54000-7f7421c7d000 r--s 0014e000 08:01 12327751                   /home/nahum/.m2/repository/org/bytedeco/opencv/4.0.1-1.5/opencv-4.0.1-1.5.jar
7f7421c7d000-7f7421c82000 r--s 0005f000 08:01 12327779                   /home/nahum/.m2/repository/org/bytedeco/javacv/1.5/javacv-1.5.jar
7f7421c82000-7f7421c84000 r--s 0000b000 08:01 12327764                   /home/nahum/.m2/repository/com/twelvemonkeys/imageio/imageio-bmp/3.1.1/imageio-bmp-3.1.1.jar
7f7421c84000-7f7421c86000 r--s 0000f000 08:01 12327773                   /home/nahum/.m2/repository/com/twelvemonkeys/imageio/imageio-psd/3.1.1/imageio-psd-3.1.1.jar
7f7421c86000-7f7421c88000 r--s 0000e000 08:01 12327656                   /home/nahum/.m2/repository/com/twelvemonkeys/imageio/imageio-tiff/3.1.1/imageio-tiff-3.1.1.jar
7f7421c88000-7f7421c8b000 r--s 00012000 08:01 12327781                   /home/nahum/.m2/repository/com/twelvemonkeys/common/common-image/3.1.1/common-image-3.1.1.jar
7f7421c8b000-7f7421c8d000 r--s 00014000 08:01 12327778                   /home/nahum/.m2/repository/com/twelvemonkeys/common/common-io/3.1.1/common-io-3.1.1.jar
7f7421c8d000-7f7421c90000 r--s 0001a000 08:01 12327776                   /home/nahum/.m2/repository/com/twelvemonkeys/common/common-lang/3.1.1/common-lang-3.1.1.jar
7f7421c90000-7f7421c93000 r--s 0000e000 08:01 12327783                   /home/nahum/.m2/repository/com/twelvemonkeys/imageio/imageio-metadata/3.1.1/imageio-metadata-3.1.1.jar
7f7421c93000-7f7421c96000 r--s 0000c000 08:01 12327766                   /home/nahum/.m2/repository/com/twelvemonkeys/imageio/imageio-core/3.1.1/imageio-core-3.1.1.jar
7f7421c96000-7f7421c98000 r--s 0000d000 08:01 12327761                   /home/nahum/.m2/repository/com/twelvemonkeys/imageio/imageio-jpeg/3.1.1/imageio-jpeg-3.1.1.jar
7f7421c98000-7f7421ca3000 r--s 00088000 08:01 12327759                   /home/nahum/.m2/repository/com/github/jai-imageio/jai-imageio-core/1.3.0/jai-imageio-core-1.3.0.jar
7f7421ca3000-7f7421ca6000 r--s 0001d000 08:01 12327657                   /home/nahum/.m2/repository/org/datavec/datavec-data-image/1.0.0-beta4/datavec-data-image-1.0.0-beta4.jar
7f7421ca6000-7f7421caa000 r--s 00024000 08:01 12327294                   /home/nahum/.m2/repository/org/codehaus/woodstox/stax2-api/3.1.4/stax2-api-3.1.4.jar
7f7421caa000-7f7421cca000 r--s 001ac000 08:01 12327300                   /home/nahum/.m2/repository/org/nd4j/jackson/1.0.0-beta4/jackson-1.0.0-beta4.jar
7f7421cca000-7f7421cd2000 r--s 00071000 08:01 12327313                   /home/nahum/.m2/repository/org/apache/commons/commons-lang3/3.6/commons-lang3-3.6.jar
7f7421cd2000-7f7421cd5000 r--s 0000b000 08:01 12327305                   /home/nahum/.m2/repository/net/ericaro/neoitertools/1.0.0/neoitertools-1.0.0.jar
7f7421cd5000-7f7421cd7000 r--s 00001000 08:01 12327296                   /home/nahum/.m2/repository/org/nd4j/nd4j-context/1.0.0-beta4/nd4j-context-1.0.0-beta4.jar
7f7421cd7000-7f7421cda000 r--s 00013000 08:01 12327265                   /home/nahum/.m2/repository/org/nd4j/nd4j-buffer/1.0.0-beta4/nd4j-buffer-1.0.0-beta4.jar
7f7421cda000-7f7421cdf000 r--s 0003e000 08:01 12327268                   /home/nahum/.m2/repository/commons-net/commons-net/3.1/commons-net-3.1.jar
7f7421cdf000-7f7421ce1000 r--s 00005000 08:01 12327282                   /home/nahum/.m2/repository/uk/com/robust-it/cloning/1.9.3/cloning-1.9.3.jar
7f7421ce1000-7f7421ce6000 r--s 00034000 08:01 12327279                   /home/nahum/.m2/repository/com/google/code/gson/gson/2.7/gson-2.7.jar
7f7421ce6000-7f7421ce9000 r--s 0000f000 08:01 12327277                   /home/nahum/.m2/repository/com/github/os72/protobuf-java-util-shaded-351/0.9/protobuf-java-util-shaded-351-0.9.jar
7f7421ce9000-7f7421cfa000 r--s 0014c000 08:01 12327275                   /home/nahum/.m2/repository/com/github/os72/protobuf-java-shaded-351/0.9/protobuf-java-shaded-351-0.9.jar
7f7421cfa000-7f7421cfc000 r--s 00004000 08:01 11014900                   /home/nahum/.m2/repository/com/jakewharton/byteunits/byteunits/0.9.1/byteunits-0.9.1.jar
7f7421cfc000-7f7421d3e000 r--s 0054c000 08:01 12327315                   /home/nahum/.m2/repository/org/nd4j/nd4j-api/1.0.0-beta4/nd4j-api-1.0.0-beta4.jar
7f7421d3e000-7f7421d6d000 r--s 00226000 08:01 12327287                   /home/nahum/.m2/repository/com/google/guava/guava/20.0/guava-20.0.jar
7f7421d6d000-7f7421d78000 r--s 0007e000 08:01 12327297                   /home/nahum/.m2/repository/org/apache/commons/commons-compress/1.16.1/commons-compress-1.16.1.jar
7f7421d78000-7f7421d7c000 r--s 0002f000 08:01 12327400                   /home/nahum/.m2/repository/commons-io/commons-io/2.5/commons-io-2.5.jar
7f7421d7c000-7f7421da0000 r--s 001ce000 08:01 11537045                   /home/nahum/.m2/repository/org/apache/commons/commons-math3/3.5/commons-math3-3.5.jar
7f7421da0000-7f7421da6000 r--s 00077000 08:01 12327284                   /home/nahum/.m2/repository/org/threeten/threetenbp/1.3.3/threetenbp-1.3.3.jar
7f7421da6000-7f7421dbf000 r--s 00214000 08:01 12327409                   /home/nahum/.m2/repository/net/java/dev/jna/jna-platform/4.3.0/jna-platform-4.3.0.jar
7f7421dbf000-7f7421dc6000 r--s 0004e000 08:01 12327291                   /home/nahum/.m2/repository/com/github/oshi/oshi-core/3.4.2/oshi-core-3.4.2.jar
7f7421dc6000-7f7421dcd000 r--s 00029000 08:01 12327308                   /home/nahum/.m2/repository/org/lucee/oswego-concurrent/1.3.4/oswego-concurrent-1.3.4.jar
7f7421dcd000-7f7421de3000 r--s 00170000 08:01 12327307                   /home/nahum/.m2/repository/org/deeplearning4j/deeplearning4j-nn/1.0.0-beta4/deeplearning4j-nn-1.0.0-beta4.jar
7f7421de3000-7f7421de9000 r--s 00669000 08:01 12715999                   /home/nahum/.m2/repository/org/bytedeco/hdf5/1.10.5-1.5/hdf5-1.10.5-1.5-windows-x86_64.jar
7f7421de9000-7f7421dea000 ---p 00000000 00:00 0 
7f7421dea000-7f7421eea000 rw-p 00000000 00:00 0 
7f7421eea000-7f7421eed000 ---p 00000000 00:00 0 
7f7421eed000-7f7421feb000 rw-p 00000000 00:00 0 
7f7421feb000-7f7421fec000 ---p 00000000 00:00 0 
7f7421fec000-7f7421fef000 ---p 00000000 00:00 0 
7f7421fef000-7f74220ec000 rw-p 00000000 00:00 0 
7f74220ec000-7f74220ed000 ---p 00000000 00:00 0 
7f74220ed000-7f74220f0000 ---p 00000000 00:00 0 
7f74220f0000-7f74221ed000 rw-p 00000000 00:00 0 
7f74221ed000-7f74221ee000 ---p 00000000 00:00 0 
7f74221ee000-7f74221f1000 ---p 00000000 00:00 0 
7f74221f1000-7f74222ee000 rw-p 00000000 00:00 0 
7f74222ee000-7f74222f1000 ---p 00000000 00:00 0 
7f74222f1000-7f74223ef000 rw-p 00000000 00:00 0 
7f74223ef000-7f74226ce000 r--p 00000000 08:01 9437465                    /usr/lib/locale/locale-archive
7f74226ce000-7f74226d1000 ---p 00000000 00:00 0 
7f74226d1000-7f74227cf000 rw-p 00000000 00:00 0 
7f74227cf000-7f74227d2000 ---p 00000000 00:00 0 
7f74227d2000-7f74228d0000 rw-p 00000000 00:00 0 
7f74228d0000-7f74228d1000 ---p 00000000 00:00 0 
7f74228d1000-7f7424000000 rw-p 00000000 00:00 0 
7f7424000000-7f7424021000 rw-p 00000000 00:00 0 
7f7424021000-7f7428000000 ---p 00000000 00:00 0 
7f7428000000-7f7428003000 r--s 000e4000 08:01 12327416                   /home/nahum/.m2/repository/net/java/dev/jna/jna/4.3.0/jna-4.3.0.jar
7f7428003000-7f7428005000 r--s 00002000 08:01 12327314                   /home/nahum/.m2/repository/org/deeplearning4j/deeplearning4j-util/1.0.0-beta4/deeplearning4j-util-1.0.0-beta4.jar
7f7428005000-7f742800b000 r--s 00574000 08:01 12715997                   /home/nahum/.m2/repository/org/bytedeco/hdf5/1.10.5-1.5/hdf5-1.10.5-1.5-windows-x86.jar
7f742800b000-7f7428190000 rw-p 00000000 00:00 0 
7f7428190000-7f742836a000 r--s 03d6b000 08:01 11405791                   /usr/lib/jvm/jdk1.8.0_181/jre/lib/rt.jar
7f742836a000-7f7428b48000 rw-p 00000000 00:00 0 
7f7428b48000-7f7429000000 ---p 00000000 00:00 0 
7f7429000000-7f74295a0000 rwxp 00000000 00:00 0 
7f74295a0000-7f7438000000 ---p 00000000 00:00 0 
7f7438000000-7f7439c15000 rw-p 00000000 00:00 0 
7f7439c15000-7f743c000000 ---p 00000000 00:00 0 
7f743c000000-7f743c001000 r--s 00000000 08:01 12715960                   /home/nahum/.m2/repository/org/bytedeco/leptonica-platform/1.78.0-1.5/leptonica-platform-1.78.0-1.5.jar
7f743c001000-7f743c004000 r--s 0001a000 08:01 12327312                   /home/nahum/.m2/repository/org/deeplearning4j/deeplearning4j-utility-iterators/1.0.0-beta4/deeplearning4j-utility-iterators-1.0.0-beta4.jar
7f743c004000-7f743c007000 r--s 0020a000 08:01 12715995                   /home/nahum/.m2/repository/org/bytedeco/hdf5/1.10.5-1.5/hdf5-1.10.5-1.5-macosx-x86_64.jar
7f743c007000-7f743c00a000 r--s 00233000 08:01 12715993                   /home/nahum/.m2/repository/org/bytedeco/hdf5/1.10.5-1.5/hdf5-1.10.5-1.5-linux-ppc64le.jar
7f743c00a000-7f743c00d000 r--s 0022a000 08:01 12715991                   /home/nahum/.m2/repository/org/bytedeco/hdf5/1.10.5-1.5/hdf5-1.10.5-1.5-linux-x86_64.jar
7f743c00d000-7f743c0d2000 rw-p 00000000 00:00 0 
7f743c0d2000-7f743c0d3000 ---p 00000000 00:00 0 
7f743c0d3000-7f743c1d3000 rw-p 00000000 00:00 0 
7f743c1d3000-7f743c1d4000 ---p 00000000 00:00 0 
7f743c1d4000-7f743c2d4000 rw-p 00000000 00:00 0 
7f743c2d4000-7f743c2d5000 ---p 00000000 00:00 0 
7f743c2d5000-7f743c3d5000 rw-p 00000000 00:00 0 
7f743c3d5000-7f743c3d6000 ---p 00000000 00:00 0 
7f743c3d6000-7f743c527000 rw-p 00000000 00:00 0 
7f743c527000-7f743c9de000 ---p 00000000 00:00 0 
7f743c9de000-7f743ca5f000 rw-p 00000000 00:00 0 
7f743ca5f000-7f743cc63000 ---p 00000000 00:00 0 
7f743cc63000-7f743cc7b000 rw-p 00000000 00:00 0 
7f743cc7b000-7f743d024000 ---p 00000000 00:00 0 
7f743d024000-7f743d03f000 r-xp 00000000 08:01 11406003                   /usr/lib/jvm/jdk1.8.0_181/jre/lib/amd64/libzip.so
7f743d03f000-7f743d23f000 ---p 0001b000 08:01 11406003                   /usr/lib/jvm/jdk1.8.0_181/jre/lib/amd64/libzip.so
7f743d23f000-7f743d240000 rw-p 0001b000 08:01 11406003                   /usr/lib/jvm/jdk1.8.0_181/jre/lib/amd64/libzip.so
7f743d240000-7f743d24b000 r-xp 00000000 08:01 8127238                    /lib/x86_64-linux-gnu/libnss_files-2.27.so
7f743d24b000-7f743d44a000 ---p 0000b000 08:01 8127238                    /lib/x86_64-linux-gnu/libnss_files-2.27.so
7f743d44a000-7f743d44b000 r--p 0000a000 08:01 8127238                    /lib/x86_64-linux-gnu/libnss_files-2.27.so
7f743d44b000-7f743d44c000 rw-p 0000b000 08:01 8127238                    /lib/x86_64-linux-gnu/libnss_files-2.27.so
7f743d44c000-7f743d452000 rw-p 00000000 00:00 0 
7f743d452000-7f743d469000 r-xp 00000000 08:01 8127234                    /lib/x86_64-linux-gnu/libnsl-2.27.so
7f743d469000-7f743d668000 ---p 00017000 08:01 8127234                    /lib/x86_64-linux-gnu/libnsl-2.27.so
7f743d668000-7f743d669000 r--p 00016000 08:01 8127234                    /lib/x86_64-linux-gnu/libnsl-2.27.so
7f743d669000-7f743d66a000 rw-p 00017000 08:01 8127234                    /lib/x86_64-linux-gnu/libnsl-2.27.so
7f743d66a000-7f743d66c000 rw-p 00000000 00:00 0 
7f743d66c000-7f743d677000 r-xp 00000000 08:01 8127240                    /lib/x86_64-linux-gnu/libnss_nis-2.27.so
7f743d677000-7f743d876000 ---p 0000b000 08:01 8127240                    /lib/x86_64-linux-gnu/libnss_nis-2.27.so
7f743d876000-7f743d877000 r--p 0000a000 08:01 8127240                    /lib/x86_64-linux-gnu/libnss_nis-2.27.so
7f743d877000-7f743d878000 rw-p 0000b000 08:01 8127240                    /lib/x86_64-linux-gnu/libnss_nis-2.27.so
7f743d878000-7f743d880000 r-xp 00000000 08:01 8127236                    /lib/x86_64-linux-gnu/libnss_compat-2.27.so
7f743d880000-7f743da80000 ---p 00008000 08:01 8127236                    /lib/x86_64-linux-gnu/libnss_compat-2.27.so
7f743da80000-7f743da81000 r--p 00008000 08:01 8127236                    /lib/x86_64-linux-gnu/libnss_compat-2.27.so
7f743da81000-7f743da82000 rw-p 00009000 08:01 8127236                    /lib/x86_64-linux-gnu/libnss_compat-2.27.so
7f743da82000-7f743daad000 r-xp 00000000 08:01 11405997                   /usr/lib/jvm/jdk1.8.0_181/jre/lib/amd64/libjava.so
7f743daad000-7f743dcac000 ---p 0002b000 08:01 11405997                   /usr/lib/jvm/jdk1.8.0_181/jre/lib/amd64/libjava.so
7f743dcac000-7f743dcae000 rw-p 0002a000 08:01 11405997                   /usr/lib/jvm/jdk1.8.0_181/jre/lib/amd64/libjava.so
7f743dcae000-7f743dcbb000 r-xp 00000000 08:01 11406002                   /usr/lib/jvm/jdk1.8.0_181/jre/lib/amd64/libverify.so
7f743dcbb000-7f743debb000 ---p 0000d000 08:01 11406002                   /usr/lib/jvm/jdk1.8.0_181/jre/lib/amd64/libverify.so
7f743debb000-7f743debd000 rw-p 0000d000 08:01 11406002                   /usr/lib/jvm/jdk1.8.0_181/jre/lib/amd64/libverify.so
7f743debd000-7f743dec4000 r-xp 00000000 08:01 8127245                    /lib/x86_64-linux-gnu/librt-2.27.so
7f743dec4000-7f743e0c3000 ---p 00007000 08:01 8127245                    /lib/x86_64-linux-gnu/librt-2.27.so
7f743e0c3000-7f743e0c4000 r--p 00006000 08:01 8127245                    /lib/x86_64-linux-gnu/librt-2.27.so
7f743e0c4000-7f743e0c5000 rw-p 00007000 08:01 8127245                    /lib/x86_64-linux-gnu/librt-2.27.so
7f743e0c5000-7f743e262000 r-xp 00000000 08:01 8127229                    /lib/x86_64-linux-gnu/libm-2.27.so
7f743e262000-7f743e461000 ---p 0019d000 08:01 8127229                    /lib/x86_64-linux-gnu/libm-2.27.so
7f743e461000-7f743e462000 r--p 0019c000 08:01 8127229                    /lib/x86_64-linux-gnu/libm-2.27.so
7f743e462000-7f743e463000 rw-p 0019d000 08:01 8127229                    /lib/x86_64-linux-gnu/libm-2.27.so
7f743e463000-7f743f13f000 r-xp 00000000 08:01 11405979                   /usr/lib/jvm/jdk1.8.0_181/jre/lib/amd64/server/libjvm.so
7f743f13f000-7f743f33f000 ---p 00cdc000 08:01 11405979                   /usr/lib/jvm/jdk1.8.0_181/jre/lib/amd64/server/libjvm.so
7f743f33f000-7f743f419000 rw-p 00cdc000 08:01 11405979                   /usr/lib/jvm/jdk1.8.0_181/jre/lib/amd64/server/libjvm.so
7f743f419000-7f743f464000 rw-p 00000000 00:00 0 
7f743f464000-7f743f64b000 r-xp 00000000 08:01 8127168                    /lib/x86_64-linux-gnu/libc-2.27.so
7f743f64b000-7f743f84b000 ---p 001e7000 08:01 8127168                    /lib/x86_64-linux-gnu/libc-2.27.so
7f743f84b000-7f743f84f000 r--p 001e7000 08:01 8127168                    /lib/x86_64-linux-gnu/libc-2.27.so
7f743f84f000-7f743f851000 rw-p 001eb000 08:01 8127168                    /lib/x86_64-linux-gnu/libc-2.27.so
7f743f851000-7f743f855000 rw-p 00000000 00:00 0 
7f743f855000-7f743f858000 r-xp 00000000 08:01 8127172                    /lib/x86_64-linux-gnu/libdl-2.27.so
7f743f858000-7f743fa57000 ---p 00003000 08:01 8127172                    /lib/x86_64-linux-gnu/libdl-2.27.so
7f743fa57000-7f743fa58000 r--p 00002000 08:01 8127172                    /lib/x86_64-linux-gnu/libdl-2.27.so
7f743fa58000-7f743fa59000 rw-p 00003000 08:01 8127172                    /lib/x86_64-linux-gnu/libdl-2.27.so
7f743fa59000-7f743fa6f000 r-xp 00000000 08:01 11405658                   /usr/lib/jvm/jdk1.8.0_181/lib/amd64/jli/libjli.so
7f743fa6f000-7f743fc6e000 ---p 00016000 08:01 11405658                   /usr/lib/jvm/jdk1.8.0_181/lib/amd64/jli/libjli.so
7f743fc6e000-7f743fc6f000 rw-p 00015000 08:01 11405658                   /usr/lib/jvm/jdk1.8.0_181/lib/amd64/jli/libjli.so
7f743fc6f000-7f743fc89000 r-xp 00000000 08:01 8127243                    /lib/x86_64-linux-gnu/libpthread-2.27.so
7f743fc89000-7f743fe88000 ---p 0001a000 08:01 8127243                    /lib/x86_64-linux-gnu/libpthread-2.27.so
7f743fe88000-7f743fe89000 r--p 00019000 08:01 8127243                    /lib/x86_64-linux-gnu/libpthread-2.27.so
7f743fe89000-7f743fe8a000 rw-p 0001a000 08:01 8127243                    /lib/x86_64-linux-gnu/libpthread-2.27.so
7f743fe8a000-7f743fe8e000 rw-p 00000000 00:00 0 
7f743fe8e000-7f743fe94000 r-xp 00000000 08:01 9438301                    /usr/lib/x86_64-linux-gnu/libgtk3-nocsd.so.0
7f743fe94000-7f7440093000 ---p 00006000 08:01 9438301                    /usr/lib/x86_64-linux-gnu/libgtk3-nocsd.so.0
7f7440093000-7f7440094000 r--p 00005000 08:01 9438301                    /usr/lib/x86_64-linux-gnu/libgtk3-nocsd.so.0
7f7440094000-7f7440095000 rw-p 00006000 08:01 9438301                    /usr/lib/x86_64-linux-gnu/libgtk3-nocsd.so.0
7f7440095000-7f74400bc000 r-xp 00000000 08:01 8126787                    /lib/x86_64-linux-gnu/ld-2.27.so
7f74400bc000-7f74400bd000 r--s 00000000 08:01 12715956                   /home/nahum/.m2/repository/org/bytedeco/opencv-platform/4.0.1-1.5/opencv-platform-4.0.1-1.5.jar
7f74400bd000-7f74400c0000 r--s 00216000 08:01 12715709                   /home/nahum/.m2/repository/org/bytedeco/hdf5/1.10.5-1.5/hdf5-1.10.5-1.5-linux-x86.jar
7f74400c0000-7f74400c6000 r--s 00026000 08:01 12715989                   /home/nahum/.m2/repository/org/bytedeco/hdf5/1.10.5-1.5/hdf5-1.10.5-1.5.jar
7f74400c6000-7f74400cd000 r--s 0005b000 08:01 12327306                   /home/nahum/.m2/repository/org/bytedeco/javacpp/1.5/javacpp-1.5.jar
7f74400cd000-7f744019c000 rw-p 00000000 00:00 0 
7f744019c000-7f744019d000 ---p 00000000 00:00 0 
7f744019d000-7f74401a0000 ---p 00000000 00:00 0 
7f74401a0000-7f74402a1000 rw-p 00000000 00:00 0 
7f74402a1000-7f74402a2000 r--s 00004000 08:01 11928556                   /home/nahum/.m2/repository/com/google/flatbuffers/flatbuffers-java/1.10.0/flatbuffers-java-1.10.0.jar
7f74402a2000-7f74402a3000 r--s 00000000 08:01 12715983                   /home/nahum/.m2/repository/org/bytedeco/hdf5-platform/1.10.5-1.5/hdf5-platform-1.10.5-1.5.jar
7f74402a3000-7f74402a7000 r--s 00047000 08:01 12715704                   /home/nahum/.m2/repository/org/deeplearning4j/deeplearning4j-modelimport/1.0.0-beta4/deeplearning4j-modelimport-1.0.0-beta4.jar
7f74402a7000-7f74402a8000 r--s 00008000 08:01 12715706                   /home/nahum/.m2/repository/org/deeplearning4j/deeplearning4j-datavec-iterators/1.0.0-beta4/deeplearning4j-datavec-iterators-1.0.0-beta4.jar
7f74402a8000-7f74402aa000 r--s 00001000 08:01 12327311                   /home/nahum/.m2/repository/org/deeplearning4j/deeplearning4j-common/1.0.0-beta4/deeplearning4j-common-1.0.0-beta4.jar
7f74402aa000-7f74402ac000 r--s 0000c000 08:01 12327741                   /home/nahum/.m2/repository/org/deeplearning4j/deeplearning4j-datasets/1.0.0-beta4/deeplearning4j-datasets-1.0.0-beta4.jar
7f74402ac000-7f74402af000 r--s 00020000 08:01 12327728                   /home/nahum/.m2/repository/org/deeplearning4j/nearestneighbor-core/1.0.0-beta4/nearestneighbor-core-1.0.0-beta4.jar
7f74402af000-7f74402b0000 r--s 00006000 08:01 12327694                   /home/nahum/.m2/repository/org/deeplearning4j/deeplearning4j-tsne/1.0.0-beta4/deeplearning4j-tsne-1.0.0-beta4.jar
7f74402b0000-7f74402b2000 r--s 0000a000 08:01 12327720                   /home/nahum/.m2/repository/org/deeplearning4j/deeplearning4j-core/1.0.0-beta4/deeplearning4j-core-1.0.0-beta4.jar
7f74402b2000-7f74402ba000 rw-s 00000000 08:01 4194329                    /tmp/hsperfdata_nahum/9783
7f74402ba000-7f74402bb000 rw-p 00000000 00:00 0 
7f74402bb000-7f74402bc000 r--p 00000000 00:00 0 
7f74402bc000-7f74402bd000 r--p 00027000 08:01 8126787                    /lib/x86_64-linux-gnu/ld-2.27.so
7f74402bd000-7f74402be000 rw-p 00028000 08:01 8126787                    /lib/x86_64-linux-gnu/ld-2.27.so
7f74402be000-7f74402bf000 rw-p 00000000 00:00 0 
7ffca9b74000-7ffca9b99000 rw-p 00000000 00:00 0                          [stack]
7ffca9bb0000-7ffca9bb3000 r--p 00000000 00:00 0                          [vvar]
7ffca9bb3000-7ffca9bb5000 r-xp 00000000 00:00 0                          [vdso]
ffffffffff600000-ffffffffff601000 r-xp 00000000 00:00 0                  [vsyscall]

VM Arguments:
java_command: com.itcag.legalyzer.train.Tester
java_class_path (initial): /home/nahum/code/ubi-law/Legalyzer/target/classes:/home/nahum/.m2/repository/org/deeplearning4j/deeplearning4j-core/1.0.0-beta4/deeplearning4j-core-1.0.0-beta4.jar:/home/nahum/.m2/repository/org/deeplearning4j/deeplearning4j-tsne/1.0.0-beta4/deeplearning4j-tsne-1.0.0-beta4.jar:/home/nahum/.m2/repository/org/deeplearning4j/nearestneighbor-core/1.0.0-beta4/nearestneighbor-core-1.0.0-beta4.jar:/home/nahum/.m2/repository/org/deeplearning4j/deeplearning4j-datasets/1.0.0-beta4/deeplearning4j-datasets-1.0.0-beta4.jar:/home/nahum/.m2/repository/org/deeplearning4j/deeplearning4j-common/1.0.0-beta4/deeplearning4j-common-1.0.0-beta4.jar:/home/nahum/.m2/repository/org/deeplearning4j/deeplearning4j-datavec-iterators/1.0.0-beta4/deeplearning4j-datavec-iterators-1.0.0-beta4.jar:/home/nahum/.m2/repository/org/deeplearning4j/deeplearning4j-modelimport/1.0.0-beta4/deeplearning4j-modelimport-1.0.0-beta4.jar:/home/nahum/.m2/repository/org/bytedeco/javacpp/1.5/javacpp-1.5.jar:/home/nahum/.m2/repository/org/bytedeco/hdf5-platform/1.10.5-1.5/hdf5-platform-1.10.5-1.5.jar:/home/nahum/.m2/repository/org/bytedeco/hdf5/1.10.5-1.5/hdf5-1.10.5-1.5.jar:/home/nahum/.m2/repository/org/bytedeco/hdf5/1.10.5-1.5/hdf5-1.10.5-1.5-linux-x86.jar:/home/nahum/.m2/repository/org/bytedeco/hdf5/1.10.5-1.5/hdf5-1.10.5-1.5-linux-x86_64.jar:/home/nahum/.m2/repository/org/bytedeco/hdf5/1.10.5-1.5/hdf5-1.10.5-1.5-linux-ppc64le.jar:/home/nahum/.m2/repository/org/bytedeco/hdf5/1.10.5-1.5/hdf5-1.10.5-1.5-macosx-x86_64.jar:/home/nahum/.m2/repository/org/bytedeco/hdf5/1.10.5-1.5/hdf5-1.10.5-1.5-windows-x86.jar:/home/nahum/.m2/repository/org/bytedeco/hdf5/1.10.5-1.5/hdf5-1.10.5-1.5-windows-x86_64.jar:/home/nahum/.m2/repository/org/deeplearning4j/deeplearning4j-nn/1.0.0-beta4/deeplearning4j-nn-1.0.0-beta4.jar:/home/nahum/.m2/repository/org/deeplearning4j/deeplearning4j-utility-iterators/1.0.0-beta4/deeplearning4j-utility-iterators-1.0.0-beta4.jar:/home/nahum/.m2/repository/org/deeplearning4j/d
Launcher Type: SUN_STANDARD

Environment Variables:
JAVA_HOME=/usr/lib/jvm/jdk1.8.0_181
PATH=/usr/local/sbin:/usr/local/bin:/usr/sbin:/usr/bin:/sbin:/bin:/usr/games:/usr/local/games:/snap/bin:/usr/lib/jvm/java-8-oracle/bin:/usr/lib/jvm/java-8-oracle/db/bin:/usr/lib/jvm/java-8-oracle/jre/bin
LD_PRELOAD=libgtk3-nocsd.so.0
SHELL=/bin/bash
DISPLAY=:0

Signal Handlers:
SIGSEGV: [libjvm.so+0xad2a40], sa_mask[0]=11111111011111111101111111111110, sa_flags=SA_RESTART|SA_SIGINFO
SIGBUS: [libjvm.so+0xad2a40], sa_mask[0]=11111111011111111101111111111110, sa_flags=SA_RESTART|SA_SIGINFO
SIGFPE: [libjvm.so+0x92a610], sa_mask[0]=11111111011111111101111111111110, sa_flags=SA_RESTART|SA_SIGINFO
SIGPIPE: [libjvm.so+0x92a610], sa_mask[0]=11111111011111111101111111111110, sa_flags=SA_RESTART|SA_SIGINFO
SIGXFSZ: [libjvm.so+0x92a610], sa_mask[0]=11111111011111111101111111111110, sa_flags=SA_RESTART|SA_SIGINFO
SIGILL: [libjvm.so+0x92a610], sa_mask[0]=11111111011111111101111111111110, sa_flags=SA_RESTART|SA_SIGINFO
SIGUSR1: SIG_DFL, sa_mask[0]=00000000000000000000000000000000, sa_flags=none
SIGUSR2: [libjvm.so+0x92be70], sa_mask[0]=00100000000000000000000000000000, sa_flags=SA_RESTART|SA_SIGINFO
SIGHUP: [libjvm.so+0x92d270], sa_mask[0]=11111111011111111101111111111110, sa_flags=SA_RESTART|SA_SIGINFO
SIGINT: [libjvm.so+0x92d270], sa_mask[0]=11111111011111111101111111111110, sa_flags=SA_RESTART|SA_SIGINFO
SIGTERM: [libjvm.so+0x92d270], sa_mask[0]=11111111011111111101111111111110, sa_flags=SA_RESTART|SA_SIGINFO
SIGQUIT: [libjvm.so+0x92d270], sa_mask[0]=11111111011111111101111111111110, sa_flags=SA_RESTART|SA_SIGINFO


---------------  S Y S T E M  ---------------

OS:DISTRIB_ID=Ubuntu
DISTRIB_RELEASE=18.04
DISTRIB_CODENAME=bionic
DISTRIB_DESCRIPTION="Ubuntu 18.04.3 LTS"

uname:Linux 4.15.0-55-generic #60-Ubuntu SMP Tue Jul 2 18:22:20 UTC 2019 x86_64
libc:glibc 2.27 NPTL 2.27 
rlimit: STACK 8192k, CORE 0k, NPROC 61661, NOFILE 20480, AS infinity
load average:0.89 0.64 0.73

/proc/meminfo:
MemTotal:       15829664 kB
MemFree:         2295856 kB
MemAvailable:    9697180 kB
Buffers:          713144 kB
Cached:          6929212 kB
SwapCached:            0 kB
Active:          7483244 kB
Inactive:        5406732 kB
Active(anon):    4809084 kB
Inactive(anon):   738488 kB
Active(file):    2674160 kB
Inactive(file):  4668244 kB
Unevictable:         416 kB
Mlocked:             416 kB
SwapTotal:      16174076 kB
SwapFree:       16174076 kB
Dirty:               368 kB
Writeback:             0 kB
AnonPages:       5248104 kB
Mapped:          2452956 kB
Shmem:            299952 kB
Slab:             457668 kB
SReclaimable:     395316 kB
SUnreclaim:        62352 kB
KernelStack:       11536 kB
PageTables:        69816 kB
NFS_Unstable:          0 kB
Bounce:                0 kB
WritebackTmp:          0 kB
CommitLimit:    24088908 kB
Committed_AS:   11802556 kB
VmallocTotal:   34359738367 kB
VmallocUsed:           0 kB
VmallocChunk:          0 kB
HardwareCorrupted:     0 kB
AnonHugePages:         0 kB
ShmemHugePages:        0 kB
ShmemPmdMapped:        0 kB
CmaTotal:              0 kB
CmaFree:               0 kB
HugePages_Total:       0
HugePages_Free:        0
HugePages_Rsvd:        0
HugePages_Surp:        0
Hugepagesize:       2048 kB
DirectMap4k:      257652 kB
DirectMap2M:    13819904 kB
DirectMap1G:     2097152 kB


CPU:total 4 (initial active 4) (2 cores per cpu, 2 threads per core) family 6 model 78 stepping 3, cmov, cx8, fxsr, mmx, sse, sse2, sse3, ssse3, sse4.1, sse4.2, popcnt, avx, avx2, aes, clmul, erms, rtm, 3dnowpref, lzcnt, ht, tsc, tscinvbit, bmi1, bmi2, adx

/proc/cpuinfo:
processor	: 0
vendor_id	: GenuineIntel
cpu family	: 6
model		: 78
model name	: Intel(R) Core(TM) i7-6600U CPU @ 2.60GHz
stepping	: 3
microcode	: 0xcc
cpu MHz		: 2800.140
cache size	: 4096 KB
physical id	: 0
siblings	: 4
core id		: 0
cpu cores	: 2
apicid		: 0
initial apicid	: 0
fpu		: yes
fpu_exception	: yes
cpuid level	: 22
wp		: yes
flags		: fpu vme de pse tsc msr pae mce cx8 apic sep mtrr pge mca cmov pat pse36 clflush dts acpi mmx fxsr sse sse2 ss ht tm pbe syscall nx pdpe1gb rdtscp lm constant_tsc art arch_perfmon pebs bts rep_good nopl xtopology nonstop_tsc cpuid aperfmperf tsc_known_freq pni pclmulqdq dtes64 monitor ds_cpl vmx smx est tm2 ssse3 sdbg fma cx16 xtpr pdcm pcid sse4_1 sse4_2 x2apic movbe popcnt tsc_deadline_timer aes xsave avx f16c rdrand lahf_lm abm 3dnowprefetch cpuid_fault epb invpcid_single pti ssbd ibrs ibpb stibp tpr_shadow vnmi flexpriority ept vpid fsgsbase tsc_adjust bmi1 hle avx2 smep bmi2 erms invpcid rtm mpx rdseed adx smap clflushopt intel_pt xsaveopt xsavec xgetbv1 xsaves dtherm ida arat pln pts hwp hwp_notify hwp_act_window hwp_epp md_clear flush_l1d
bugs		: cpu_meltdown spectre_v1 spectre_v2 spec_store_bypass l1tf mds
bogomips	: 5616.00
clflush size	: 64
cache_alignment	: 64
address sizes	: 39 bits physical, 48 bits virtual
power management:

processor	: 1
vendor_id	: GenuineIntel
cpu family	: 6
model		: 78
model name	: Intel(R) Core(TM) i7-6600U CPU @ 2.60GHz
stepping	: 3
microcode	: 0xcc
cpu MHz		: 2801.707
cache size	: 4096 KB
physical id	: 0
siblings	: 4
core id		: 1
cpu cores	: 2
apicid		: 2
initial apicid	: 2
fpu		: yes
fpu_exception	: yes
cpuid level	: 22
wp		: yes
flags		: fpu vme de pse tsc msr pae mce cx8 apic sep mtrr pge mca cmov pat pse36 clflush dts acpi mmx fxsr sse sse2 ss ht tm pbe syscall nx pdpe1gb rdtscp lm constant_tsc art arch_perfmon pebs bts rep_good nopl xtopology nonstop_tsc cpuid aperfmperf tsc_known_freq pni pclmulqdq dtes64 monitor ds_cpl vmx smx est tm2 ssse3 sdbg fma cx16 xtpr pdcm pcid sse4_1 sse4_2 x2apic movbe popcnt tsc_deadline_timer aes xsave avx f16c rdrand lahf_lm abm 3dnowprefetch cpuid_fault epb invpcid_single pti ssbd ibrs ibpb stibp tpr_shadow vnmi flexpriority ept vpid fsgsbase tsc_adjust bmi1 hle avx2 smep bmi2 erms invpcid rtm mpx rdseed adx smap clflushopt intel_pt xsaveopt xsavec xgetbv1 xsaves dtherm ida arat pln pts hwp hwp_notify hwp_act_window hwp_epp md_clear flush_l1d
bugs		: cpu_meltdown spectre_v1 spectre_v2 spec_store_bypass l1tf mds
bogomips	: 5616.00
clflush size	: 64
cache_alignment	: 64
address sizes	: 39 bits physical, 48 bits virtual
power management:

processor	: 2
vendor_id	: GenuineIntel
cpu family	: 6
model		: 78
model name	: Intel(R) Core(TM) i7-6600U CPU @ 2.60GHz
stepping	: 3
microcode	: 0xcc
cpu MHz		: 2800.000
cache size	: 4096 KB
physical id	: 0
siblings	: 4
core id		: 0
cpu cores	: 2
apicid		: 1
initial apicid	: 1
fpu		: yes
fpu_exception	: yes
cpuid level	: 22
wp		: yes
flags		: fpu vme de pse tsc msr pae mce cx8 apic sep mtrr pge mca cmov pat pse36 clflush dts acpi mmx fxsr sse sse2 ss ht tm pbe syscall nx pdpe1gb rdtscp lm constant_tsc art arch_perfmon pebs bts rep_good nopl xtopology nonstop_tsc cpuid aperfmperf tsc_known_freq pni pclmulqdq dtes64 monitor ds_cpl vmx smx est tm2 ssse3 sdbg fma cx16 xtpr pdcm pcid sse4_1 sse4_2 x2apic movbe popcnt tsc_deadline_timer aes xsave avx f16c rdrand lahf_lm abm 3dnowprefetch cpuid_fault epb invpcid_single pti ssbd ibrs ibpb stibp tpr_shadow vnmi flexpriority ept vpid fsgsbase tsc_adjust bmi1 hle avx2 smep bmi2 erms invpcid rtm mpx rdseed adx smap clflushopt intel_pt xsaveopt xsavec xgetbv1 xsaves dtherm ida arat pln pts hwp hwp_notify hwp_act_window hwp_epp md_clear flush_l1d
bugs		: cpu_meltdown spectre_v1 spectre_v2 spec_store_bypass l1tf mds
bogomips	: 5616.00
clflush size	: 64
cache_alignment	: 64
address sizes	: 39 bits physical, 48 bits virtual
power management:

processor	: 3
vendor_id	: GenuineIntel
cpu family	: 6
model		: 78
model name	: Intel(R) Core(TM) i7-6600U CPU @ 2.60GHz
stepping	: 3
microcode	: 0xcc
cpu MHz		: 2800.090
cache size	: 4096 KB
physical id	: 0
siblings	: 4
core id		: 1
cpu cores	: 2
apicid		: 3
initial apicid	: 3
fpu		: yes
fpu_exception	: yes
cpuid level	: 22
wp		: yes
flags		: fpu vme de pse tsc msr pae mce cx8 apic sep mtrr pge mca cmov pat pse36 clflush dts acpi mmx fxsr sse sse2 ss ht tm pbe syscall nx pdpe1gb rdtscp lm constant_tsc art arch_perfmon pebs bts rep_good nopl xtopology nonstop_tsc cpuid aperfmperf tsc_known_freq pni pclmulqdq dtes64 monitor ds_cpl vmx smx est tm2 ssse3 sdbg fma cx16 xtpr pdcm pcid sse4_1 sse4_2 x2apic movbe popcnt tsc_deadline_timer aes xsave avx f16c rdrand lahf_lm abm 3dnowprefetch cpuid_fault epb invpcid_single pti ssbd ibrs ibpb stibp tpr_shadow vnmi flexpriority ept vpid fsgsbase tsc_adjust bmi1 hle avx2 smep bmi2 erms invpcid rtm mpx rdseed adx smap clflushopt intel_pt xsaveopt xsavec xgetbv1 xsaves dtherm ida arat pln pts hwp hwp_notify hwp_act_window hwp_epp md_clear flush_l1d
bugs		: cpu_meltdown spectre_v1 spectre_v2 spec_store_bypass l1tf mds
bogomips	: 5616.00
clflush size	: 64
cache_alignment	: 64
address sizes	: 39 bits physical, 48 bits virtual
power management:



Memory: 4k page, physical 15829664k(2295856k free), swap 16174076k(16174076k free)

vm_info: Java HotSpot(TM) 64-Bit Server VM (25.181-b13) for linux-amd64 JRE (1.8.0_181-b13), built on Jul  7 2018 00:56:38 by "java_re" with gcc 4.3.0 20080428 (Red Hat 4.3.0-8)

time: Sun Aug 11 21:15:37 2019
elapsed time: 2 seconds (0d 0h 0m 2s)

